# JRE version: OpenJDK Runtime Environment (17.0.6) (build 17.0.6+0-b2043.56-10027231)
# Java VM: OpenJDK 64-Bit Server VM (17.0.6+0-b2043.56-10027231, mixed mode, tiered, compressed oops, compressed class ptrs, g1 gc, windows-amd64)
GC Precious Log:
 CPUs: 8 total, 8 available
 Memory: 8084M
 Large Page Support: Disabled
 NUMA Support: Disabled
 Compressed Oops: Enabled (32-bit)
 Heap Region Size: 1M
 Heap Min Capacity: 8M
 Heap Initial Capacity: 128M
 Heap Max Capacity: 2G
 Pre-touch: Disabled
 Parallel Workers: 8
 Concurrent Workers: 2
 Concurrent Refinement Workers: 8
 Periodic GC: Disabled
Heap:
 garbage-first heap   total 239616K, used 178176K [0x0000000080000000, 0x0000000100000000)
  region size 1024K, 4 young (4096K), 4 survivors (4096K)
 Metaspace       used 98307K, committed 99008K, reserved 1138688K
  class space    used 13610K, committed 13952K, reserved 1048576K
GC Heap History (20 events):
Event: 13.970 GC heap after
{Heap after GC invocations=36 (full 0):
 garbage-first heap   total 132096K, used 78498K [0x0000000080000000, 0x0000000100000000)
  region size 1024K, 4 young (4096K), 4 survivors (4096K)
 Metaspace       used 84363K, committed 85056K, reserved 1130496K
  class space    used 11664K, committed 11968K, reserved 1048576K
}
Event: 13.984 GC heap before
{Heap before GC invocations=36 (full 0):
 garbage-first heap   total 132096K, used 79522K [0x0000000080000000, 0x0000000100000000)
  region size 1024K, 6 young (6144K), 4 survivors (4096K)
 Metaspace       used 84377K, committed 85056K, reserved 1130496K
  class space    used 11664K, committed 11968K, reserved 1048576K
}
Event: 13.987 GC heap after
{Heap after GC invocations=37 (full 0):
 garbage-first heap   total 132096K, used 78903K [0x0000000080000000, 0x0000000100000000)
  region size 1024K, 1 young (1024K), 1 survivors (1024K)
 Metaspace       used 84377K, committed 85056K, reserved 1130496K
  class space    used 11664K, committed 11968K, reserved 1048576K
}
Event: 14.274 GC heap before
{Heap before GC invocations=37 (full 0):
 garbage-first heap   total 132096K, used 106551K [0x0000000080000000, 0x0000000100000000)
  region size 1024K, 29 young (29696K), 1 survivors (1024K)
 Metaspace       used 84593K, committed 85184K, reserved 1130496K
  class space    used 11668K, committed 11968K, reserved 1048576K
}
Event: 14.278 GC heap after
{Heap after GC invocations=38 (full 0):
 garbage-first heap   total 239616K, used 80128K [0x0000000080000000, 0x0000000100000000)
  region size 1024K, 2 young (2048K), 2 survivors (2048K)
 Metaspace       used 84593K, committed 85184K, reserved 1130496K
  class space    used 11668K, committed 11968K, reserved 1048576K
}
Event: 15.756 GC heap before
{Heap before GC invocations=39 (full 0):
 garbage-first heap   total 239616K, used 185600K [0x0000000080000000, 0x0000000100000000)
  region size 1024K, 105 young (107520K), 2 survivors (2048K)
 Metaspace       used 88555K, committed 89216K, reserved 1130496K
  class space    used 12097K, committed 12416K, reserved 1048576K
}
Event: 15.777 GC heap after
{Heap after GC invocations=40 (full 0):
 garbage-first heap   total 239616K, used 87104K [0x0000000080000000, 0x0000000100000000)
  region size 1024K, 9 young (9216K), 9 survivors (9216K)
 Metaspace       used 88555K, committed 89216K, reserved 1130496K
  class space    used 12097K, committed 12416K, reserved 1048576K
}
Event: 15.790 GC heap before
{Heap before GC invocations=40 (full 0):
 garbage-first heap   total 239616K, used 89152K [0x0000000080000000, 0x0000000100000000)
  region size 1024K, 11 young (11264K), 9 survivors (9216K)
 Metaspace       used 88611K, committed 89280K, reserved 1130496K
  class space    used 12108K, committed 12416K, reserved 1048576K
}
Event: 15.805 GC heap after
{Heap after GC invocations=41 (full 0):
 garbage-first heap   total 239616K, used 87553K [0x0000000080000000, 0x0000000100000000)
  region size 1024K, 2 young (2048K), 2 survivors (2048K)
 Metaspace       used 88611K, committed 89280K, reserved 1130496K
  class space    used 12108K, committed 12416K, reserved 1048576K
}
Event: 16.691 GC heap before
{Heap before GC invocations=41 (full 0):
 garbage-first heap   total 239616K, used 171521K [0x0000000080000000, 0x0000000100000000)
  region size 1024K, 66 young (67584K), 2 survivors (2048K)
 Metaspace       used 94940K, committed 95552K, reserved 1138688K
  class space    used 12968K, committed 13248K, reserved 1048576K
}
Event: 16.698 GC heap after
{Heap after GC invocations=42 (full 0):
 garbage-first heap   total 239616K, used 112756K [0x0000000080000000, 0x0000000100000000)
  region size 1024K, 11 young (11264K), 11 survivors (11264K)
 Metaspace       used 94940K, committed 95552K, reserved 1138688K
  class space    used 12968K, committed 13248K, reserved 1048576K
}
Event: 16.703 GC heap before
{Heap before GC invocations=42 (full 0):
 garbage-first heap   total 239616K, used 118900K [0x0000000080000000, 0x0000000100000000)
  region size 1024K, 13 young (13312K), 11 survivors (11264K)
 Metaspace       used 94963K, committed 95616K, reserved 1138688K
  class space    used 12972K, committed 13248K, reserved 1048576K
}
Event: 16.708 GC heap after
{Heap after GC invocations=43 (full 0):
 garbage-first heap   total 239616K, used 115576K [0x0000000080000000, 0x0000000100000000)
  region size 1024K, 2 young (2048K), 2 survivors (2048K)
 Metaspace       used 94963K, committed 95616K, reserved 1138688K
  class space    used 12972K, committed 13248K, reserved 1048576K
}
Event: 17.491 GC heap before
{Heap before GC invocations=44 (full 0):
 garbage-first heap   total 239616K, used 194424K [0x0000000080000000, 0x0000000100000000)
  region size 1024K, 64 young (65536K), 2 survivors (2048K)
 Metaspace       used 97954K, committed 98624K, reserved 1138688K
  class space    used 13600K, committed 13952K, reserved 1048576K
}
Event: 17.520 GC heap after
{Heap after GC invocations=45 (full 0):
 garbage-first heap   total 239616K, used 142769K [0x0000000080000000, 0x0000000100000000)
  region size 1024K, 8 young (8192K), 8 survivors (8192K)
 Metaspace       used 97954K, committed 98624K, reserved 1138688K
  class space    used 13600K, committed 13952K, reserved 1048576K
}
Event: 17.564 GC heap before
{Heap before GC invocations=45 (full 0):
 garbage-first heap   total 239616K, used 145841K [0x0000000080000000, 0x0000000100000000)
  region size 1024K, 11 young (11264K), 8 survivors (8192K)
 Metaspace       used 98064K, committed 98752K, reserved 1138688K
  class space    used 13609K, committed 13952K, reserved 1048576K
}
Event: 17.596 GC heap after
{Heap after GC invocations=46 (full 0):
 garbage-first heap   total 239616K, used 145033K [0x0000000080000000, 0x0000000100000000)
  region size 1024K, 2 young (2048K), 2 survivors (2048K)
 Metaspace       used 98064K, committed 98752K, reserved 1138688K
  class space    used 13609K, committed 13952K, reserved 1048576K
}
Event: 17.768 GC heap before
{Heap before GC invocations=46 (full 0):
 garbage-first heap   total 239616K, used 184969K [0x0000000080000000, 0x0000000100000000)
  region size 1024K, 42 young (43008K), 2 survivors (2048K)
 Metaspace       used 98296K, committed 99008K, reserved 1138688K
  class space    used 13610K, committed 13952K, reserved 1048576K
}
Event: 17.813 GC heap after
{Heap after GC invocations=47 (full 0):
 garbage-first heap   total 239616K, used 164828K [0x0000000080000000, 0x0000000100000000)
  region size 1024K, 6 young (6144K), 6 survivors (6144K)
 Metaspace       used 98296K, committed 99008K, reserved 1138688K
  class space    used 13610K, committed 13952K, reserved 1048576K
}
Event: 17.941 GC heap before
{Heap before GC invocations=47 (full 0):
 garbage-first heap   total 239616K, used 190428K [0x0000000080000000, 0x0000000100000000)
  region size 1024K, 31 young (31744K), 6 survivors (6144K)
 Metaspace       used 98307K, committed 99008K, reserved 1138688K
  class space    used 13610K, committed 13952K, reserved 1048576K
}

