# JRE version: OpenJDK Runtime Environment (17.0.6) (build 17.0.6+0-b2043.56-10027231)
# Java VM: OpenJDK 64-Bit Server VM (17.0.6+0-b2043.56-10027231, mixed mode, tiered, compressed oops, compressed class ptrs, g1 gc, windows-amd64)
GC Precious Log:
 CPUs: 8 total, 8 available
 Memory: 8084M
 Large Page Support: Disabled
 NUMA Support: Disabled
 Compressed Oops: Enabled (32-bit)
 Heap Region Size: 1M
 Heap Min Capacity: 8M
 Heap Initial Capacity: 128M
 Heap Max Capacity: 2G
 Pre-touch: Disabled
 Parallel Workers: 8
 Concurrent Workers: 2
 Concurrent Refinement Workers: 8
 Periodic GC: Disabled
Heap:
 garbage-first heap   total 107520K, used 54420K [0x0000000080000000, 0x0000000100000000)
  region size 1024K, 2 young (2048K), 2 survivors (2048K)
 Metaspace       used 66378K, committed 66944K, reserved 1114112K
  class space    used 8765K, committed 9024K, reserved 1048576K
GC Heap History (20 events):
Event: 5.606 GC heap after
{Heap after GC invocations=11 (full 0):
 garbage-first heap   total 82944K, used 30209K [0x0000000080000000, 0x0000000100000000)
  region size 1024K, 3 young (3072K), 3 survivors (3072K)
 Metaspace       used 42538K, committed 42944K, reserved 1089536K
  class space    used 5569K, committed 5760K, reserved 1048576K
}
Event: 6.127 GC heap before
{Heap before GC invocations=11 (full 0):
 garbage-first heap   total 82944K, used 60929K [0x0000000080000000, 0x0000000100000000)
  region size 1024K, 33 young (33792K), 3 survivors (3072K)
 Metaspace       used 45629K, committed 46080K, reserved 1089536K
  class space    used 6067K, committed 6272K, reserved 1048576K
}
Event: 6.131 GC heap after
{Heap after GC invocations=12 (full 0):
 garbage-first heap   total 82944K, used 32687K [0x0000000080000000, 0x0000000100000000)
  region size 1024K, 5 young (5120K), 5 survivors (5120K)
 Metaspace       used 45629K, committed 46080K, reserved 1089536K
  class space    used 6067K, committed 6272K, reserved 1048576K
}
Event: 6.645 GC heap before
{Heap before GC invocations=12 (full 0):
 garbage-first heap   total 82944K, used 62383K [0x0000000080000000, 0x0000000100000000)
  region size 1024K, 34 young (34816K), 5 survivors (5120K)
 Metaspace       used 50045K, committed 50432K, reserved 1097728K
  class space    used 6631K, committed 6784K, reserved 1048576K
}
Event: 6.650 GC heap after
{Heap after GC invocations=13 (full 0):
 garbage-first heap   total 82944K, used 34035K [0x0000000080000000, 0x0000000100000000)
  region size 1024K, 2 young (2048K), 2 survivors (2048K)
 Metaspace       used 50045K, committed 50432K, reserved 1097728K
  class space    used 6631K, committed 6784K, reserved 1048576K
}
Event: 7.261 GC heap before
{Heap before GC invocations=13 (full 0):
 garbage-first heap   total 82944K, used 62707K [0x0000000080000000, 0x0000000100000000)
  region size 1024K, 31 young (31744K), 2 survivors (2048K)
 Metaspace       used 51598K, committed 52032K, reserved 1097728K
  class space    used 6833K, committed 7040K, reserved 1048576K
}
Event: 7.266 GC heap after
{Heap after GC invocations=14 (full 0):
 garbage-first heap   total 82944K, used 36870K [0x0000000080000000, 0x0000000100000000)
  region size 1024K, 4 young (4096K), 4 survivors (4096K)
 Metaspace       used 51598K, committed 52032K, reserved 1097728K
  class space    used 6833K, committed 7040K, reserved 1048576K
}
Event: 7.451 GC heap before
{Heap before GC invocations=14 (full 0):
 garbage-first heap   total 82944K, used 50182K [0x0000000080000000, 0x0000000100000000)
  region size 1024K, 16 young (16384K), 4 survivors (4096K)
 Metaspace       used 51975K, committed 52416K, reserved 1097728K
  class space    used 6879K, committed 7040K, reserved 1048576K
}
Event: 7.456 GC heap after
{Heap after GC invocations=15 (full 0):
 garbage-first heap   total 82944K, used 44812K [0x0000000080000000, 0x0000000100000000)
  region size 1024K, 4 young (4096K), 4 survivors (4096K)
 Metaspace       used 51975K, committed 52416K, reserved 1097728K
  class space    used 6879K, committed 7040K, reserved 1048576K
}
Event: 7.778 GC heap before
{Heap before GC invocations=16 (full 0):
 garbage-first heap   total 82944K, used 63244K [0x0000000080000000, 0x0000000100000000)
  region size 1024K, 22 young (22528K), 4 survivors (4096K)
 Metaspace       used 54096K, committed 54528K, reserved 1097728K
  class space    used 7183K, committed 7360K, reserved 1048576K
}
Event: 7.782 GC heap after
{Heap after GC invocations=17 (full 0):
 garbage-first heap   total 82944K, used 46831K [0x0000000080000000, 0x0000000100000000)
  region size 1024K, 3 young (3072K), 3 survivors (3072K)
 Metaspace       used 54096K, committed 54528K, reserved 1097728K
  class space    used 7183K, committed 7360K, reserved 1048576K
}
Event: 8.125 GC heap before
{Heap before GC invocations=17 (full 0):
 garbage-first heap   total 82944K, used 62191K [0x0000000080000000, 0x0000000100000000)
  region size 1024K, 19 young (19456K), 3 survivors (3072K)
 Metaspace       used 56679K, committed 57216K, reserved 1105920K
  class space    used 7490K, committed 7744K, reserved 1048576K
}
Event: 8.128 GC heap after
{Heap after GC invocations=18 (full 0):
 garbage-first heap   total 82944K, used 47756K [0x0000000080000000, 0x0000000100000000)
  region size 1024K, 1 young (1024K), 1 survivors (1024K)
 Metaspace       used 56679K, committed 57216K, reserved 1105920K
  class space    used 7490K, committed 7744K, reserved 1048576K
}
Event: 8.467 GC heap before
{Heap before GC invocations=19 (full 0):
 garbage-first heap   total 87040K, used 65164K [0x0000000080000000, 0x0000000100000000)
  region size 1024K, 18 young (18432K), 1 survivors (1024K)
 Metaspace       used 59147K, committed 59648K, reserved 1105920K
  class space    used 7841K, committed 8064K, reserved 1048576K
}
Event: 8.470 GC heap after
{Heap after GC invocations=20 (full 0):
 garbage-first heap   total 87040K, used 48390K [0x0000000080000000, 0x0000000100000000)
  region size 1024K, 2 young (2048K), 2 survivors (2048K)
 Metaspace       used 59147K, committed 59648K, reserved 1105920K
  class space    used 7841K, committed 8064K, reserved 1048576K
}
Event: 8.822 GC heap before
{Heap before GC invocations=20 (full 0):
 garbage-first heap   total 87040K, used 63750K [0x0000000080000000, 0x0000000100000000)
  region size 1024K, 18 young (18432K), 2 survivors (2048K)
 Metaspace       used 62847K, committed 63360K, reserved 1105920K
  class space    used 8322K, committed 8576K, reserved 1048576K
}
Event: 8.826 GC heap after
{Heap after GC invocations=21 (full 0):
 garbage-first heap   total 87040K, used 50235K [0x0000000080000000, 0x0000000100000000)
  region size 1024K, 3 young (3072K), 3 survivors (3072K)
 Metaspace       used 62847K, committed 63360K, reserved 1105920K
  class space    used 8322K, committed 8576K, reserved 1048576K
}
Event: 9.027 GC heap before
{Heap before GC invocations=22 (full 0):
 garbage-first heap   total 107520K, used 75835K [0x0000000080000000, 0x0000000100000000)
  region size 1024K, 22 young (22528K), 3 survivors (3072K)
 Metaspace       used 63849K, committed 64384K, reserved 1105920K
  class space    used 8459K, committed 8704K, reserved 1048576K
}
Event: 9.031 GC heap after
{Heap after GC invocations=23 (full 0):
 garbage-first heap   total 107520K, used 52686K [0x0000000080000000, 0x0000000100000000)
  region size 1024K, 3 young (3072K), 3 survivors (3072K)
 Metaspace       used 63849K, committed 64384K, reserved 1105920K
  class space    used 8459K, committed 8704K, reserved 1048576K
}
Event: 9.381 GC heap before
{Heap before GC invocations=23 (full 0):
 garbage-first heap   total 107520K, used 79310K [0x0000000080000000, 0x0000000100000000)
  region size 1024K, 29 young (29696K), 3 survivors (3072K)
 Metaspace       used 66378K, committed 66944K, reserved 1114112K
  class space    used 8765K, committed 9024K, reserved 1048576K
}

