# JRE version: OpenJDK Runtime Environment (17.0.6) (build 17.0.6+0-b2043.56-10027231)
# Java VM: OpenJDK 64-Bit Server VM (17.0.6+0-b2043.56-10027231, mixed mode, tiered, compressed oops, compressed class ptrs, g1 gc, windows-amd64)
GC Precious Log:
 CPUs: 8 total, 8 available
 Memory: 8084M
 Large Page Support: Disabled
 NUMA Support: Disabled
 Compressed Oops: Enabled (32-bit)
 Heap Region Size: 1M
 Heap Min Capacity: 8M
 Heap Initial Capacity: 128M
 Heap Max Capacity: 2G
 Pre-touch: Disabled
 Parallel Workers: 8
 Concurrent Workers: 2
 Concurrent Refinement Workers: 8
 Periodic GC: Disabled
Heap:
 garbage-first heap   total 215040K, used 64627K [0x0000000080000000, 0x0000000100000000)
  region size 1024K, 9 young (9216K), 6 survivors (6144K)
 Metaspace       used 76351K, committed 76864K, reserved 1122304K
  class space    used 10372K, committed 10624K, reserved 1048576K
GC Heap History (20 events):
Event: 7.212 GC heap before
{Heap before GC invocations=16 (full 0):
 garbage-first heap   total 82944K, used 62092K [0x0000000080000000, 0x0000000100000000)
  region size 1024K, 21 young (21504K), 4 survivors (4096K)
 Metaspace       used 53910K, committed 54400K, reserved 1097728K
  class space    used 7172K, committed 7424K, reserved 1048576K
}
Event: 7.215 GC heap after
{Heap after GC invocations=17 (full 0):
 garbage-first heap   total 82944K, used 46875K [0x0000000080000000, 0x0000000100000000)
  region size 1024K, 3 young (3072K), 3 survivors (3072K)
 Metaspace       used 53910K, committed 54400K, reserved 1097728K
  class space    used 7172K, committed 7424K, reserved 1048576K
}
Event: 7.455 GC heap before
{Heap before GC invocations=17 (full 0):
 garbage-first heap   total 82944K, used 62235K [0x0000000080000000, 0x0000000100000000)
  region size 1024K, 18 young (18432K), 3 survivors (3072K)
 Metaspace       used 56139K, committed 56640K, reserved 1097728K
  class space    used 7458K, committed 7680K, reserved 1048576K
}
Event: 7.458 GC heap after
{Heap after GC invocations=18 (full 0):
 garbage-first heap   total 82944K, used 47836K [0x0000000080000000, 0x0000000100000000)
  region size 1024K, 1 young (1024K), 1 survivors (1024K)
 Metaspace       used 56139K, committed 56640K, reserved 1097728K
  class space    used 7458K, committed 7680K, reserved 1048576K
}
Event: 7.729 GC heap before
{Heap before GC invocations=19 (full 0):
 garbage-first heap   total 86016K, used 64220K [0x0000000080000000, 0x0000000100000000)
  region size 1024K, 17 young (17408K), 1 survivors (1024K)
 Metaspace       used 58785K, committed 59264K, reserved 1105920K
  class space    used 7779K, committed 8000K, reserved 1048576K
}
Event: 7.732 GC heap after
{Heap after GC invocations=20 (full 0):
 garbage-first heap   total 86016K, used 48242K [0x0000000080000000, 0x0000000100000000)
  region size 1024K, 2 young (2048K), 2 survivors (2048K)
 Metaspace       used 58785K, committed 59264K, reserved 1105920K
  class space    used 7779K, committed 8000K, reserved 1048576K
}
Event: 7.763 GC heap before
{Heap before GC invocations=20 (full 0):
 garbage-first heap   total 86016K, used 50290K [0x0000000080000000, 0x0000000100000000)
  region size 1024K, 4 young (4096K), 2 survivors (2048K)
 Metaspace       used 59014K, committed 59456K, reserved 1105920K
  class space    used 7829K, committed 8000K, reserved 1048576K
}
Event: 7.767 GC heap after
{Heap after GC invocations=21 (full 0):
 garbage-first heap   total 103424K, used 48337K [0x0000000080000000, 0x0000000100000000)
  region size 1024K, 1 young (1024K), 1 survivors (1024K)
 Metaspace       used 59014K, committed 59456K, reserved 1105920K
  class space    used 7829K, committed 8000K, reserved 1048576K
}
Event: 8.123 GC heap before
{Heap before GC invocations=21 (full 0):
 garbage-first heap   total 103424K, used 64721K [0x0000000080000000, 0x0000000100000000)
  region size 1024K, 18 young (18432K), 1 survivors (1024K)
 Metaspace       used 62813K, committed 63424K, reserved 1105920K
  class space    used 8330K, committed 8576K, reserved 1048576K
}
Event: 8.125 GC heap after
{Heap after GC invocations=22 (full 0):
 garbage-first heap   total 103424K, used 50214K [0x0000000080000000, 0x0000000100000000)
  region size 1024K, 3 young (3072K), 3 survivors (3072K)
 Metaspace       used 62813K, committed 63424K, reserved 1105920K
  class space    used 8330K, committed 8576K, reserved 1048576K
}
Event: 8.463 GC heap before
{Heap before GC invocations=23 (full 0):
 garbage-first heap   total 107520K, used 84006K [0x0000000080000000, 0x0000000100000000)
  region size 1024K, 30 young (30720K), 3 survivors (3072K)
 Metaspace       used 64627K, committed 65152K, reserved 1105920K
  class space    used 8565K, committed 8832K, reserved 1048576K
}
Event: 8.466 GC heap after
{Heap after GC invocations=24 (full 0):
 garbage-first heap   total 107520K, used 52780K [0x0000000080000000, 0x0000000100000000)
  region size 1024K, 4 young (4096K), 4 survivors (4096K)
 Metaspace       used 64627K, committed 65152K, reserved 1105920K
  class space    used 8565K, committed 8832K, reserved 1048576K
}
Event: 8.478 GC heap before
{Heap before GC invocations=24 (full 0):
 garbage-first heap   total 107520K, used 53804K [0x0000000080000000, 0x0000000100000000)
  region size 1024K, 5 young (5120K), 4 survivors (4096K)
 Metaspace       used 64704K, committed 65280K, reserved 1105920K
  class space    used 8577K, committed 8832K, reserved 1048576K
}
Event: 8.481 GC heap after
{Heap after GC invocations=25 (full 0):
 garbage-first heap   total 107520K, used 52990K [0x0000000080000000, 0x0000000100000000)
  region size 1024K, 1 young (1024K), 1 survivors (1024K)
 Metaspace       used 64704K, committed 65280K, reserved 1105920K
  class space    used 8577K, committed 8832K, reserved 1048576K
}
Event: 8.815 GC heap before
{Heap before GC invocations=25 (full 0):
 garbage-first heap   total 107520K, used 81662K [0x0000000080000000, 0x0000000100000000)
  region size 1024K, 29 young (29696K), 1 survivors (1024K)
 Metaspace       used 66908K, committed 67520K, reserved 1114112K
  class space    used 8873K, committed 9152K, reserved 1048576K
}
Event: 8.819 GC heap after
{Heap after GC invocations=26 (full 0):
 garbage-first heap   total 107520K, used 55080K [0x0000000080000000, 0x0000000100000000)
  region size 1024K, 3 young (3072K), 3 survivors (3072K)
 Metaspace       used 66908K, committed 67520K, reserved 1114112K
  class space    used 8873K, committed 9152K, reserved 1048576K
}
Event: 9.018 GC heap before
{Heap before GC invocations=27 (full 0):
 garbage-first heap   total 107520K, used 82728K [0x0000000080000000, 0x0000000100000000)
  region size 1024K, 30 young (30720K), 3 survivors (3072K)
 Metaspace       used 66966K, committed 67520K, reserved 1114112K
  class space    used 8878K, committed 9152K, reserved 1048576K
}
Event: 9.022 GC heap after
{Heap after GC invocations=28 (full 0):
 garbage-first heap   total 107520K, used 57411K [0x0000000080000000, 0x0000000100000000)
  region size 1024K, 3 young (3072K), 3 survivors (3072K)
 Metaspace       used 66966K, committed 67520K, reserved 1114112K
  class space    used 8878K, committed 9152K, reserved 1048576K
}
Event: 9.059 GC heap before
{Heap before GC invocations=28 (full 0):
 garbage-first heap   total 107520K, used 58435K [0x0000000080000000, 0x0000000100000000)
  region size 1024K, 5 young (5120K), 3 survivors (3072K)
 Metaspace       used 67092K, committed 67648K, reserved 1114112K
  class space    used 8890K, committed 9152K, reserved 1048576K
}
Event: 9.062 GC heap after
{Heap after GC invocations=29 (full 0):
 garbage-first heap   total 215040K, used 57383K [0x0000000080000000, 0x0000000100000000)
  region size 1024K, 1 young (1024K), 1 survivors (1024K)
 Metaspace       used 67092K, committed 67648K, reserved 1114112K
  class space    used 8890K, committed 9152K, reserved 1048576K
}

