# JRE version: OpenJDK Runtime Environment (17.0.6) (build 17.0.6+0-b2043.56-10027231)
# Java VM: OpenJDK 64-Bit Server VM (17.0.6+0-b2043.56-10027231, mixed mode, tiered, compressed oops, compressed class ptrs, g1 gc, windows-amd64)
GC Precious Log:
 CPUs: 8 total, 8 available
 Memory: 8084M
 Large Page Support: Disabled
 NUMA Support: Disabled
 Compressed Oops: Enabled (32-bit)
 Heap Region Size: 1M
 Heap Min Capacity: 8M
 Heap Initial Capacity: 128M
 Heap Max Capacity: 2G
 Pre-touch: Disabled
 Parallel Workers: 8
 Concurrent Workers: 2
 Concurrent Refinement Workers: 8
 Periodic GC: Disabled
Heap:
 garbage-first heap   total 131072K, used 71400K [0x0000000080000000, 0x0000000100000000)
  region size 1024K, 5 young (5120K), 5 survivors (5120K)
 Metaspace       used 81989K, committed 82688K, reserved 1122304K
  class space    used 11182K, committed 11520K, reserved 1048576K
GC Heap History (20 events):
Event: 9.173 GC heap after
{Heap after GC invocations=20 (full 0):
 garbage-first heap   total 86016K, used 47685K [0x0000000080000000, 0x0000000100000000)
  region size 1024K, 2 young (2048K), 2 survivors (2048K)
 Metaspace       used 59248K, committed 59712K, reserved 1105920K
  class space    used 7869K, committed 8064K, reserved 1048576K
}
Event: 9.550 GC heap before
{Heap before GC invocations=21 (full 0):
 garbage-first heap   total 86016K, used 62021K [0x0000000080000000, 0x0000000100000000)
  region size 1024K, 17 young (17408K), 2 survivors (2048K)
 Metaspace       used 62870K, committed 63424K, reserved 1105920K
  class space    used 8334K, committed 8576K, reserved 1048576K
}
Event: 9.554 GC heap after
{Heap after GC invocations=22 (full 0):
 garbage-first heap   total 86016K, used 49522K [0x0000000080000000, 0x0000000100000000)
  region size 1024K, 3 young (3072K), 3 survivors (3072K)
 Metaspace       used 62870K, committed 63424K, reserved 1105920K
  class space    used 8334K, committed 8576K, reserved 1048576K
}
Event: 9.623 GC heap before
{Heap before GC invocations=23 (full 0):
 garbage-first heap   total 106496K, used 60786K [0x0000000080000000, 0x0000000100000000)
  region size 1024K, 12 young (12288K), 3 survivors (3072K)
 Metaspace       used 62876K, committed 63424K, reserved 1105920K
  class space    used 8334K, committed 8576K, reserved 1048576K
}
Event: 9.627 GC heap after
{Heap after GC invocations=24 (full 0):
 garbage-first heap   total 106496K, used 55749K [0x0000000080000000, 0x0000000100000000)
  region size 1024K, 3 young (3072K), 3 survivors (3072K)
 Metaspace       used 62876K, committed 63424K, reserved 1105920K
  class space    used 8334K, committed 8576K, reserved 1048576K
}
Event: 10.003 GC heap before
{Heap before GC invocations=25 (full 0):
 garbage-first heap   total 106496K, used 77253K [0x0000000080000000, 0x0000000100000000)
  region size 1024K, 22 young (22528K), 3 survivors (3072K)
 Metaspace       used 64726K, committed 65152K, reserved 1105920K
  class space    used 8578K, committed 8768K, reserved 1048576K
}
Event: 10.007 GC heap after
{Heap after GC invocations=26 (full 0):
 garbage-first heap   total 128000K, used 52936K [0x0000000080000000, 0x0000000100000000)
  region size 1024K, 2 young (2048K), 2 survivors (2048K)
 Metaspace       used 64726K, committed 65152K, reserved 1105920K
  class space    used 8578K, committed 8768K, reserved 1048576K
}
Event: 10.073 GC heap before
{Heap before GC invocations=26 (full 0):
 garbage-first heap   total 128000K, used 57032K [0x0000000080000000, 0x0000000100000000)
  region size 1024K, 6 young (6144K), 2 survivors (2048K)
 Metaspace       used 65049K, committed 65536K, reserved 1105920K
  class space    used 8620K, committed 8832K, reserved 1048576K
}
Event: 10.076 GC heap after
{Heap after GC invocations=27 (full 0):
 garbage-first heap   total 128000K, used 53134K [0x0000000080000000, 0x0000000100000000)
  region size 1024K, 1 young (1024K), 1 survivors (1024K)
 Metaspace       used 65049K, committed 65536K, reserved 1105920K
  class space    used 8620K, committed 8832K, reserved 1048576K
}
Event: 10.483 GC heap before
{Heap before GC invocations=27 (full 0):
 garbage-first heap   total 128000K, used 86926K [0x0000000080000000, 0x0000000100000000)
  region size 1024K, 34 young (34816K), 1 survivors (1024K)
 Metaspace       used 66979K, committed 67456K, reserved 1114112K
  class space    used 8877K, committed 9088K, reserved 1048576K
}
Event: 10.487 GC heap after
{Heap after GC invocations=28 (full 0):
 garbage-first heap   total 128000K, used 55704K [0x0000000080000000, 0x0000000100000000)
  region size 1024K, 3 young (3072K), 3 survivors (3072K)
 Metaspace       used 66979K, committed 67456K, reserved 1114112K
  class space    used 8877K, committed 9088K, reserved 1048576K
}
Event: 10.832 GC heap before
{Heap before GC invocations=28 (full 0):
 garbage-first heap   total 128000K, used 90520K [0x0000000080000000, 0x0000000100000000)
  region size 1024K, 37 young (37888K), 3 survivors (3072K)
 Metaspace       used 68778K, committed 69312K, reserved 1114112K
  class space    used 9131K, committed 9344K, reserved 1048576K
}
Event: 10.836 GC heap after
{Heap after GC invocations=29 (full 0):
 garbage-first heap   total 128000K, used 58579K [0x0000000080000000, 0x0000000100000000)
  region size 1024K, 3 young (3072K), 3 survivors (3072K)
 Metaspace       used 68778K, committed 69312K, reserved 1114112K
  class space    used 9131K, committed 9344K, reserved 1048576K
}
Event: 11.502 GC heap before
{Heap before GC invocations=29 (full 0):
 garbage-first heap   total 128000K, used 95443K [0x0000000080000000, 0x0000000100000000)
  region size 1024K, 38 young (38912K), 3 survivors (3072K)
 Metaspace       used 73140K, committed 73600K, reserved 1114112K
  class space    used 9908K, committed 10112K, reserved 1048576K
}
Event: 11.506 GC heap after
{Heap after GC invocations=30 (full 0):
 garbage-first heap   total 128000K, used 60693K [0x0000000080000000, 0x0000000100000000)
  region size 1024K, 2 young (2048K), 2 survivors (2048K)
 Metaspace       used 73140K, committed 73600K, reserved 1114112K
  class space    used 9908K, committed 10112K, reserved 1048576K
}
Event: 12.225 GC heap before
{Heap before GC invocations=30 (full 0):
 garbage-first heap   total 128000K, used 97557K [0x0000000080000000, 0x0000000100000000)
  region size 1024K, 38 young (38912K), 2 survivors (2048K)
 Metaspace       used 76430K, committed 76992K, reserved 1122304K
  class space    used 10383K, committed 10624K, reserved 1048576K
}
Event: 12.230 GC heap after
{Heap after GC invocations=31 (full 0):
 garbage-first heap   total 128000K, used 63537K [0x0000000080000000, 0x0000000100000000)
  region size 1024K, 5 young (5120K), 5 survivors (5120K)
 Metaspace       used 76430K, committed 76992K, reserved 1122304K
  class space    used 10383K, committed 10624K, reserved 1048576K
}
Event: 12.826 GC heap before
{Heap before GC invocations=32 (full 0):
 garbage-first heap   total 128000K, used 99377K [0x0000000080000000, 0x0000000100000000)
  region size 1024K, 40 young (40960K), 5 survivors (5120K)
 Metaspace       used 81055K, committed 81664K, reserved 1122304K
  class space    used 11056K, committed 11328K, reserved 1048576K
}
Event: 12.832 GC heap after
{Heap after GC invocations=33 (full 0):
 garbage-first heap   total 128000K, used 66703K [0x0000000080000000, 0x0000000100000000)
  region size 1024K, 4 young (4096K), 4 survivors (4096K)
 Metaspace       used 81055K, committed 81664K, reserved 1122304K
  class space    used 11056K, committed 11328K, reserved 1048576K
}
Event: 13.115 GC heap before
{Heap before GC invocations=33 (full 0):
 garbage-first heap   total 128000K, used 100495K [0x0000000080000000, 0x0000000100000000)
  region size 1024K, 37 young (37888K), 4 survivors (4096K)
 Metaspace       used 81989K, committed 82688K, reserved 1122304K
  class space    used 11182K, committed 11520K, reserved 1048576K
}

