# JRE version: OpenJDK Runtime Environment (17.0.6) (build 17.0.6+0-b2043.56-10027231)
# Java VM: OpenJDK 64-Bit Server VM (17.0.6+0-b2043.56-10027231, mixed mode, tiered, compressed oops, compressed class ptrs, g1 gc, windows-amd64)
GC Precious Log:
 CPUs: 8 total, 8 available
 Memory: 8084M
 Large Page Support: Disabled
 NUMA Support: Disabled
 Compressed Oops: Enabled (32-bit)
 Heap Region Size: 1M
 Heap Min Capacity: 8M
 Heap Initial Capacity: 128M
 Heap Max Capacity: 2G
 Pre-touch: Disabled
 Parallel Workers: 8
 Concurrent Workers: 2
 Concurrent Refinement Workers: 8
 Periodic GC: Disabled
Heap:
 garbage-first heap   total 131072K, used 61459K [0x0000000080000000, 0x0000000100000000)
  region size 1024K, 3 young (3072K), 3 survivors (3072K)
 Metaspace       used 74988K, committed 75520K, reserved 1122304K
  class space    used 10161K, committed 10432K, reserved 1048576K
GC Heap History (20 events):
Event: 7.790 GC heap after
{Heap after GC invocations=18 (full 0):
 garbage-first heap   total 82944K, used 47323K [0x0000000080000000, 0x0000000100000000)
  region size 1024K, 1 young (1024K), 1 survivors (1024K)
 Metaspace       used 56628K, committed 57152K, reserved 1105920K
  class space    used 7474K, committed 7680K, reserved 1048576K
}
Event: 8.117 GC heap before
{Heap before GC invocations=19 (full 0):
 garbage-first heap   total 86016K, used 63707K [0x0000000080000000, 0x0000000100000000)
  region size 1024K, 18 young (18432K), 1 survivors (1024K)
 Metaspace       used 59068K, committed 59520K, reserved 1105920K
  class space    used 7825K, committed 8064K, reserved 1048576K
}
Event: 8.121 GC heap after
{Heap after GC invocations=20 (full 0):
 garbage-first heap   total 86016K, used 47989K [0x0000000080000000, 0x0000000100000000)
  region size 1024K, 2 young (2048K), 2 survivors (2048K)
 Metaspace       used 59068K, committed 59520K, reserved 1105920K
  class space    used 7825K, committed 8064K, reserved 1048576K
}
Event: 8.157 GC heap before
{Heap before GC invocations=20 (full 0):
 garbage-first heap   total 86016K, used 50037K [0x0000000080000000, 0x0000000100000000)
  region size 1024K, 4 young (4096K), 2 survivors (2048K)
 Metaspace       used 59289K, committed 59776K, reserved 1105920K
  class space    used 7861K, committed 8064K, reserved 1048576K
}
Event: 8.160 GC heap after
{Heap after GC invocations=21 (full 0):
 garbage-first heap   total 103424K, used 47975K [0x0000000080000000, 0x0000000100000000)
  region size 1024K, 1 young (1024K), 1 survivors (1024K)
 Metaspace       used 59289K, committed 59776K, reserved 1105920K
  class space    used 7861K, committed 8064K, reserved 1048576K
}
Event: 8.463 GC heap before
{Heap before GC invocations=21 (full 0):
 garbage-first heap   total 103424K, used 61287K [0x0000000080000000, 0x0000000100000000)
  region size 1024K, 15 young (15360K), 1 survivors (1024K)
 Metaspace       used 62769K, committed 63296K, reserved 1105920K
  class space    used 8305K, committed 8576K, reserved 1048576K
}
Event: 8.466 GC heap after
{Heap after GC invocations=22 (full 0):
 garbage-first heap   total 103424K, used 49787K [0x0000000080000000, 0x0000000100000000)
  region size 1024K, 2 young (2048K), 2 survivors (2048K)
 Metaspace       used 62769K, committed 63296K, reserved 1105920K
  class space    used 8305K, committed 8576K, reserved 1048576K
}
Event: 8.807 GC heap before
{Heap before GC invocations=23 (full 0):
 garbage-first heap   total 106496K, used 83579K [0x0000000080000000, 0x0000000100000000)
  region size 1024K, 29 young (29696K), 2 survivors (2048K)
 Metaspace       used 64600K, committed 65152K, reserved 1105920K
  class space    used 8543K, committed 8768K, reserved 1048576K
}
Event: 8.811 GC heap after
{Heap after GC invocations=24 (full 0):
 garbage-first heap   total 106496K, used 52360K [0x0000000080000000, 0x0000000100000000)
  region size 1024K, 4 young (4096K), 4 survivors (4096K)
 Metaspace       used 64600K, committed 65152K, reserved 1105920K
  class space    used 8543K, committed 8768K, reserved 1048576K
}
Event: 9.174 GC heap before
{Heap before GC invocations=24 (full 0):
 garbage-first heap   total 106496K, used 80008K [0x0000000080000000, 0x0000000100000000)
  region size 1024K, 31 young (31744K), 4 survivors (4096K)
 Metaspace       used 66890K, committed 67392K, reserved 1114112K
  class space    used 8855K, committed 9088K, reserved 1048576K
}
Event: 9.179 GC heap after
{Heap after GC invocations=25 (full 0):
 garbage-first heap   total 106496K, used 54806K [0x0000000080000000, 0x0000000100000000)
  region size 1024K, 3 young (3072K), 3 survivors (3072K)
 Metaspace       used 66890K, committed 67392K, reserved 1114112K
  class space    used 8855K, committed 9088K, reserved 1048576K
}
Event: 9.364 GC heap before
{Heap before GC invocations=26 (full 0):
 garbage-first heap   total 106496K, used 82454K [0x0000000080000000, 0x0000000100000000)
  region size 1024K, 30 young (30720K), 3 survivors (3072K)
 Metaspace       used 66942K, committed 67456K, reserved 1114112K
  class space    used 8858K, committed 9088K, reserved 1048576K
}
Event: 9.369 GC heap after
{Heap after GC invocations=27 (full 0):
 garbage-first heap   total 106496K, used 57018K [0x0000000080000000, 0x0000000100000000)
  region size 1024K, 3 young (3072K), 3 survivors (3072K)
 Metaspace       used 66942K, committed 67456K, reserved 1114112K
  class space    used 8858K, committed 9088K, reserved 1048576K
}
Event: 9.598 GC heap before
{Heap before GC invocations=27 (full 0):
 garbage-first heap   total 106496K, used 75450K [0x0000000080000000, 0x0000000100000000)
  region size 1024K, 22 young (22528K), 3 survivors (3072K)
 Metaspace       used 68810K, committed 69312K, reserved 1114112K
  class space    used 9115K, committed 9344K, reserved 1048576K
}
Event: 9.602 GC heap after
{Heap after GC invocations=28 (full 0):
 garbage-first heap   total 106496K, used 58917K [0x0000000080000000, 0x0000000100000000)
  region size 1024K, 2 young (2048K), 2 survivors (2048K)
 Metaspace       used 68810K, committed 69312K, reserved 1114112K
  class space    used 9115K, committed 9344K, reserved 1048576K
}
Event: 10.036 GC heap before
{Heap before GC invocations=29 (full 0):
 garbage-first heap   total 106496K, used 84517K [0x0000000080000000, 0x0000000100000000)
  region size 1024K, 27 young (27648K), 2 survivors (2048K)
 Metaspace       used 72050K, committed 72576K, reserved 1114112K
  class space    used 9742K, committed 9984K, reserved 1048576K
}
Event: 10.040 GC heap after
{Heap after GC invocations=30 (full 0):
 garbage-first heap   total 106496K, used 59900K [0x0000000080000000, 0x0000000100000000)
  region size 1024K, 3 young (3072K), 3 survivors (3072K)
 Metaspace       used 72050K, committed 72576K, reserved 1114112K
  class space    used 9742K, committed 9984K, reserved 1048576K
}
Event: 10.073 GC heap before
{Heap before GC invocations=30 (full 0):
 garbage-first heap   total 106496K, used 61948K [0x0000000080000000, 0x0000000100000000)
  region size 1024K, 5 young (5120K), 3 survivors (3072K)
 Metaspace       used 72302K, committed 72832K, reserved 1114112K
  class space    used 9790K, committed 10048K, reserved 1048576K
}
Event: 10.078 GC heap after
{Heap after GC invocations=31 (full 0):
 garbage-first heap   total 106496K, used 59359K [0x0000000080000000, 0x0000000100000000)
  region size 1024K, 1 young (1024K), 1 survivors (1024K)
 Metaspace       used 72302K, committed 72832K, reserved 1114112K
  class space    used 9790K, committed 10048K, reserved 1048576K
}
Event: 10.591 GC heap before
{Heap before GC invocations=31 (full 0):
 garbage-first heap   total 106496K, used 85983K [0x0000000080000000, 0x0000000100000000)
  region size 1024K, 27 young (27648K), 1 survivors (1024K)
 Metaspace       used 74988K, committed 75520K, reserved 1122304K
  class space    used 10161K, committed 10432K, reserved 1048576K
}

