# JRE version: OpenJDK Runtime Environment (17.0.6) (build 17.0.6+0-b2043.56-10027231)
# Java VM: OpenJDK 64-Bit Server VM (17.0.6+0-b2043.56-10027231, mixed mode, tiered, compressed oops, compressed class ptrs, g1 gc, windows-amd64)
GC Precious Log:
 CPUs: 8 total, 8 available
 Memory: 8084M
 Large Page Support: Disabled
 NUMA Support: Disabled
 Compressed Oops: Enabled (32-bit)
 Heap Region Size: 1M
 Heap Min Capacity: 8M
 Heap Initial Capacity: 128M
 Heap Max Capacity: 2G
 Pre-touch: Disabled
 Parallel Workers: 8
 Concurrent Workers: 2
 Concurrent Refinement Workers: 8
 Periodic GC: Disabled
Heap:
 garbage-first heap   total 131072K, used 59631K [0x0000000080000000, 0x0000000100000000)
  region size 1024K, 3 young (3072K), 3 survivors (3072K)
 Metaspace       used 69377K, committed 69952K, reserved 1114112K
  class space    used 9164K, committed 9408K, reserved 1048576K
GC Heap History (20 events):
Event: 9.705 GC heap after
{Heap after GC invocations=24 (full 0):
 garbage-first heap   total 101376K, used 48293K [0x0000000080000000, 0x0000000100000000)
  region size 1024K, 1 young (1024K), 1 survivors (1024K)
 Metaspace       used 53410K, committed 53888K, reserved 1097728K
  class space    used 7067K, committed 7296K, reserved 1048576K
}
Event: 10.262 GC heap before
{Heap before GC invocations=24 (full 0):
 garbage-first heap   total 101376K, used 68773K [0x0000000080000000, 0x0000000100000000)
  region size 1024K, 21 young (21504K), 1 survivors (1024K)
 Metaspace       used 56415K, committed 56896K, reserved 1105920K
  class space    used 7458K, committed 7680K, reserved 1048576K
}
Event: 10.264 GC heap after
{Heap after GC invocations=25 (full 0):
 garbage-first heap   total 101376K, used 49044K [0x0000000080000000, 0x0000000100000000)
  region size 1024K, 1 young (1024K), 1 survivors (1024K)
 Metaspace       used 56415K, committed 56896K, reserved 1105920K
  class space    used 7458K, committed 7680K, reserved 1048576K
}
Event: 10.840 GC heap before
{Heap before GC invocations=26 (full 0):
 garbage-first heap   total 101376K, used 71572K [0x0000000080000000, 0x0000000100000000)
  region size 1024K, 23 young (23552K), 1 survivors (1024K)
 Metaspace       used 60652K, committed 61248K, reserved 1105920K
  class space    used 8022K, committed 8320K, reserved 1048576K
}
Event: 10.843 GC heap after
{Heap after GC invocations=27 (full 0):
 garbage-first heap   total 101376K, used 50136K [0x0000000080000000, 0x0000000100000000)
  region size 1024K, 2 young (2048K), 2 survivors (2048K)
 Metaspace       used 60652K, committed 61248K, reserved 1105920K
  class space    used 8022K, committed 8320K, reserved 1048576K
}
Event: 10.876 GC heap before
{Heap before GC invocations=27 (full 0):
 garbage-first heap   total 101376K, used 52184K [0x0000000080000000, 0x0000000100000000)
  region size 1024K, 4 young (4096K), 2 survivors (2048K)
 Metaspace       used 60876K, committed 61376K, reserved 1105920K
  class space    used 8060K, committed 8320K, reserved 1048576K
}
Event: 10.880 GC heap after
{Heap after GC invocations=28 (full 0):
 garbage-first heap   total 101376K, used 49753K [0x0000000080000000, 0x0000000100000000)
  region size 1024K, 1 young (1024K), 1 survivors (1024K)
 Metaspace       used 60876K, committed 61376K, reserved 1105920K
  class space    used 8060K, committed 8320K, reserved 1048576K
}
Event: 11.238 GC heap before
{Heap before GC invocations=28 (full 0):
 garbage-first heap   total 101376K, used 58969K [0x0000000080000000, 0x0000000100000000)
  region size 1024K, 11 young (11264K), 1 survivors (1024K)
 Metaspace       used 62866K, committed 63424K, reserved 1105920K
  class space    used 8307K, committed 8576K, reserved 1048576K
}
Event: 11.240 GC heap after
{Heap after GC invocations=29 (full 0):
 garbage-first heap   total 101376K, used 51018K [0x0000000080000000, 0x0000000100000000)
  region size 1024K, 2 young (2048K), 2 survivors (2048K)
 Metaspace       used 62866K, committed 63424K, reserved 1105920K
  class space    used 8307K, committed 8576K, reserved 1048576K
}
Event: 11.718 GC heap before
{Heap before GC invocations=30 (full 0):
 garbage-first heap   total 107520K, used 81738K [0x0000000080000000, 0x0000000100000000)
  region size 1024K, 26 young (26624K), 2 survivors (2048K)
 Metaspace       used 64413K, committed 64960K, reserved 1105920K
  class space    used 8511K, committed 8768K, reserved 1048576K
}
Event: 11.722 GC heap after
{Heap after GC invocations=31 (full 0):
 garbage-first heap   total 107520K, used 53400K [0x0000000080000000, 0x0000000100000000)
  region size 1024K, 4 young (4096K), 4 survivors (4096K)
 Metaspace       used 64413K, committed 64960K, reserved 1105920K
  class space    used 8511K, committed 8768K, reserved 1048576K
}
Event: 11.737 GC heap before
{Heap before GC invocations=31 (full 0):
 garbage-first heap   total 107520K, used 54424K [0x0000000080000000, 0x0000000100000000)
  region size 1024K, 5 young (5120K), 4 survivors (4096K)
 Metaspace       used 64528K, committed 65024K, reserved 1105920K
  class space    used 8526K, committed 8768K, reserved 1048576K
}
Event: 11.740 GC heap after
{Heap after GC invocations=32 (full 0):
 garbage-first heap   total 107520K, used 53429K [0x0000000080000000, 0x0000000100000000)
  region size 1024K, 1 young (1024K), 1 survivors (1024K)
 Metaspace       used 64528K, committed 65024K, reserved 1105920K
  class space    used 8526K, committed 8768K, reserved 1048576K
}
Event: 12.637 GC heap before
{Heap before GC invocations=32 (full 0):
 garbage-first heap   total 107520K, used 80053K [0x0000000080000000, 0x0000000100000000)
  region size 1024K, 27 young (27648K), 1 survivors (1024K)
 Metaspace       used 66878K, committed 67456K, reserved 1114112K
  class space    used 8822K, committed 9088K, reserved 1048576K
}
Event: 12.641 GC heap after
{Heap after GC invocations=33 (full 0):
 garbage-first heap   total 107520K, used 55129K [0x0000000080000000, 0x0000000100000000)
  region size 1024K, 3 young (3072K), 3 survivors (3072K)
 Metaspace       used 66878K, committed 67456K, reserved 1114112K
  class space    used 8822K, committed 9088K, reserved 1048576K
}
Event: 13.432 GC heap before
{Heap before GC invocations=34 (full 0):
 garbage-first heap   total 107520K, used 81753K [0x0000000080000000, 0x0000000100000000)
  region size 1024K, 29 young (29696K), 3 survivors (3072K)
 Metaspace       used 67062K, committed 67584K, reserved 1114112K
  class space    used 8858K, committed 9088K, reserved 1048576K
}
Event: 13.438 GC heap after
{Heap after GC invocations=35 (full 0):
 garbage-first heap   total 107520K, used 57499K [0x0000000080000000, 0x0000000100000000)
  region size 1024K, 3 young (3072K), 3 survivors (3072K)
 Metaspace       used 67062K, committed 67584K, reserved 1114112K
  class space    used 8858K, committed 9088K, reserved 1048576K
}
Event: 13.472 GC heap before
{Heap before GC invocations=35 (full 0):
 garbage-first heap   total 107520K, used 59547K [0x0000000080000000, 0x0000000100000000)
  region size 1024K, 5 young (5120K), 3 survivors (3072K)
 Metaspace       used 67063K, committed 67584K, reserved 1114112K
  class space    used 8858K, committed 9088K, reserved 1048576K
}
Event: 13.475 GC heap after
{Heap after GC invocations=36 (full 0):
 garbage-first heap   total 107520K, used 57194K [0x0000000080000000, 0x0000000100000000)
  region size 1024K, 1 young (1024K), 1 survivors (1024K)
 Metaspace       used 67063K, committed 67584K, reserved 1114112K
  class space    used 8858K, committed 9088K, reserved 1048576K
}
Event: 14.986 GC heap before
{Heap before GC invocations=36 (full 0):
 garbage-first heap   total 107520K, used 82794K [0x0000000080000000, 0x0000000100000000)
  region size 1024K, 26 young (26624K), 1 survivors (1024K)
 Metaspace       used 69377K, committed 69952K, reserved 1114112K
  class space    used 9164K, committed 9408K, reserved 1048576K
}

