# JRE version: OpenJDK Runtime Environment (17.0.6) (build 17.0.6+0-b2043.56-10027231)
# Java VM: OpenJDK 64-Bit Server VM (17.0.6+0-b2043.56-10027231, mixed mode, tiered, compressed oops, compressed class ptrs, g1 gc, windows-amd64)
GC Precious Log:
 CPUs: 8 total, 8 available
 Memory: 8084M
 Large Page Support: Disabled
 NUMA Support: Disabled
 Compressed Oops: Enabled (32-bit)
 Heap Region Size: 1M
 Heap Min Capacity: 8M
 Heap Initial Capacity: 128M
 Heap Max Capacity: 2G
 Pre-touch: Disabled
 Parallel Workers: 8
 Concurrent Workers: 2
 Concurrent Refinement Workers: 8
 Periodic GC: Disabled
Heap:
 garbage-first heap   total 137216K, used 62619K [0x0000000080000000, 0x0000000100000000)
  region size 1024K, 8 young (8192K), 5 survivors (5120K)
 Metaspace       used 73921K, committed 74496K, reserved 1114112K
  class space    used 9994K, committed 10304K, reserved 1048576K
GC Heap History (20 events):
Event: 6.267 GC heap before
{Heap before GC invocations=13 (full 0):
 garbage-first heap   total 91136K, used 68338K [0x0000000080000000, 0x0000000100000000)
  region size 1024K, 41 young (41984K), 5 survivors (5120K)
 Metaspace       used 49508K, committed 49920K, reserved 1097728K
  class space    used 6548K, committed 6720K, reserved 1048576K
}
Event: 6.273 GC heap after
{Heap after GC invocations=14 (full 0):
 garbage-first heap   total 91136K, used 33451K [0x0000000080000000, 0x0000000100000000)
  region size 1024K, 2 young (2048K), 2 survivors (2048K)
 Metaspace       used 49508K, committed 49920K, reserved 1097728K
  class space    used 6548K, committed 6720K, reserved 1048576K
}
Event: 6.902 GC heap before
{Heap before GC invocations=14 (full 0):
 garbage-first heap   total 91136K, used 69291K [0x0000000080000000, 0x0000000100000000)
  region size 1024K, 38 young (38912K), 2 survivors (2048K)
 Metaspace       used 51463K, committed 51904K, reserved 1097728K
  class space    used 6798K, committed 6976K, reserved 1048576K
}
Event: 6.907 GC heap after
{Heap after GC invocations=15 (full 0):
 garbage-first heap   total 91136K, used 36523K [0x0000000080000000, 0x0000000100000000)
  region size 1024K, 5 young (5120K), 5 survivors (5120K)
 Metaspace       used 51463K, committed 51904K, reserved 1097728K
  class space    used 6798K, committed 6976K, reserved 1048576K
}
Event: 7.460 GC heap before
{Heap before GC invocations=15 (full 0):
 garbage-first heap   total 91136K, used 74411K [0x0000000080000000, 0x0000000100000000)
  region size 1024K, 39 young (39936K), 5 survivors (5120K)
 Metaspace       used 55045K, committed 55488K, reserved 1097728K
  class space    used 7282K, committed 7488K, reserved 1048576K
}
Event: 7.467 GC heap after
{Heap after GC invocations=16 (full 0):
 garbage-first heap   total 91136K, used 45725K [0x0000000080000000, 0x0000000100000000)
  region size 1024K, 5 young (5120K), 5 survivors (5120K)
 Metaspace       used 55045K, committed 55488K, reserved 1097728K
  class space    used 7282K, committed 7488K, reserved 1048576K
}
Event: 7.878 GC heap before
{Heap before GC invocations=16 (full 0):
 garbage-first heap   total 91136K, used 71325K [0x0000000080000000, 0x0000000100000000)
  region size 1024K, 30 young (30720K), 5 survivors (5120K)
 Metaspace       used 59001K, committed 59520K, reserved 1105920K
  class space    used 7784K, committed 8000K, reserved 1048576K
}
Event: 7.881 GC heap after
{Heap after GC invocations=17 (full 0):
 garbage-first heap   total 91136K, used 47264K [0x0000000080000000, 0x0000000100000000)
  region size 1024K, 1 young (1024K), 1 survivors (1024K)
 Metaspace       used 59001K, committed 59520K, reserved 1105920K
  class space    used 7784K, committed 8000K, reserved 1048576K
}
Event: 7.974 GC heap before
{Heap before GC invocations=17 (full 0):
 garbage-first heap   total 91136K, used 51360K [0x0000000080000000, 0x0000000100000000)
  region size 1024K, 6 young (6144K), 1 survivors (1024K)
 Metaspace       used 59925K, committed 60416K, reserved 1105920K
  class space    used 7919K, committed 8128K, reserved 1048576K
}
Event: 7.978 GC heap after
{Heap after GC invocations=18 (full 0):
 garbage-first heap   total 91136K, used 47441K [0x0000000080000000, 0x0000000100000000)
  region size 1024K, 2 young (2048K), 2 survivors (2048K)
 Metaspace       used 59925K, committed 60416K, reserved 1105920K
  class space    used 7919K, committed 8128K, reserved 1048576K
}
Event: 8.259 GC heap before
{Heap before GC invocations=19 (full 0):
 garbage-first heap   total 91136K, used 59729K [0x0000000080000000, 0x0000000100000000)
  region size 1024K, 16 young (16384K), 2 survivors (2048K)
 Metaspace       used 62697K, committed 63296K, reserved 1105920K
  class space    used 8286K, committed 8576K, reserved 1048576K
}
Event: 8.263 GC heap after
{Heap after GC invocations=20 (full 0):
 garbage-first heap   total 91136K, used 49188K [0x0000000080000000, 0x0000000100000000)
  region size 1024K, 3 young (3072K), 3 survivors (3072K)
 Metaspace       used 62697K, committed 63296K, reserved 1105920K
  class space    used 8286K, committed 8576K, reserved 1048576K
}
Event: 8.530 GC heap before
{Heap before GC invocations=21 (full 0):
 garbage-first heap   total 106496K, used 77860K [0x0000000080000000, 0x0000000100000000)
  region size 1024K, 25 young (25600K), 3 survivors (3072K)
 Metaspace       used 64047K, committed 64576K, reserved 1105920K
  class space    used 8460K, committed 8704K, reserved 1048576K
}
Event: 8.535 GC heap after
{Heap after GC invocations=22 (full 0):
 garbage-first heap   total 106496K, used 51337K [0x0000000080000000, 0x0000000100000000)
  region size 1024K, 4 young (4096K), 4 survivors (4096K)
 Metaspace       used 64047K, committed 64576K, reserved 1105920K
  class space    used 8460K, committed 8704K, reserved 1048576K
}
Event: 8.959 GC heap before
{Heap before GC invocations=22 (full 0):
 garbage-first heap   total 106496K, used 80009K [0x0000000080000000, 0x0000000100000000)
  region size 1024K, 32 young (32768K), 4 survivors (4096K)
 Metaspace       used 66683K, committed 67264K, reserved 1114112K
  class space    used 8799K, committed 9088K, reserved 1048576K
}
Event: 8.964 GC heap after
{Heap after GC invocations=23 (full 0):
 garbage-first heap   total 106496K, used 53833K [0x0000000080000000, 0x0000000100000000)
  region size 1024K, 3 young (3072K), 3 survivors (3072K)
 Metaspace       used 66683K, committed 67264K, reserved 1114112K
  class space    used 8799K, committed 9088K, reserved 1048576K
}
Event: 9.156 GC heap before
{Heap before GC invocations=24 (full 0):
 garbage-first heap   total 106496K, used 81481K [0x0000000080000000, 0x0000000100000000)
  region size 1024K, 30 young (30720K), 3 survivors (3072K)
 Metaspace       used 66876K, committed 67456K, reserved 1114112K
  class space    used 8833K, committed 9088K, reserved 1048576K
}
Event: 9.172 GC heap after
{Heap after GC invocations=25 (full 0):
 garbage-first heap   total 106496K, used 56579K [0x0000000080000000, 0x0000000100000000)
  region size 1024K, 3 young (3072K), 3 survivors (3072K)
 Metaspace       used 66876K, committed 67456K, reserved 1114112K
  class space    used 8833K, committed 9088K, reserved 1048576K
}
Event: 9.560 GC heap before
{Heap before GC invocations=25 (full 0):
 garbage-first heap   total 106496K, used 80131K [0x0000000080000000, 0x0000000100000000)
  region size 1024K, 27 young (27648K), 3 survivors (3072K)
 Metaspace       used 68744K, committed 69312K, reserved 1114112K
  class space    used 9091K, committed 9344K, reserved 1048576K
}
Event: 9.567 GC heap after
{Heap after GC invocations=26 (full 0):
 garbage-first heap   total 137216K, used 58510K [0x0000000080000000, 0x0000000100000000)
  region size 1024K, 3 young (3072K), 3 survivors (3072K)
 Metaspace       used 68744K, committed 69312K, reserved 1114112K
  class space    used 9091K, committed 9344K, reserved 1048576K
}

