# JRE version: OpenJDK Runtime Environment (17.0.6) (build 17.0.6+0-b2043.56-10027231)
# Java VM: OpenJDK 64-Bit Server VM (17.0.6+0-b2043.56-10027231, mixed mode, tiered, compressed oops, compressed class ptrs, g1 gc, windows-amd64)
GC Precious Log:
 CPUs: 8 total, 8 available
 Memory: 8084M
 Large Page Support: Disabled
 NUMA Support: Disabled
 Compressed Oops: Enabled (32-bit)
 Heap Region Size: 1M
 Heap Min Capacity: 8M
 Heap Initial Capacity: 128M
 Heap Max Capacity: 2G
 Pre-touch: Disabled
 Parallel Workers: 8
 Concurrent Workers: 2
 Concurrent Refinement Workers: 8
 Periodic GC: Disabled
Heap:
 garbage-first heap   total 131072K, used 73055K [0x0000000080000000, 0x0000000100000000)
  region size 1024K, 5 young (5120K), 5 survivors (5120K)
 Metaspace       used 81933K, committed 82560K, reserved 1122304K
  class space    used 11167K, committed 11456K, reserved 1048576K
GC Heap History (20 events):
Event: 8.354 GC heap after
{Heap after GC invocations=21 (full 0):
 garbage-first heap   total 83968K, used 48455K [0x0000000080000000, 0x0000000100000000)
  region size 1024K, 2 young (2048K), 2 survivors (2048K)
 Metaspace       used 60285K, committed 60736K, reserved 1105920K
  class space    used 8000K, committed 8192K, reserved 1048576K
}
Event: 8.590 GC heap before
{Heap before GC invocations=21 (full 0):
 garbage-first heap   total 83968K, used 60743K [0x0000000080000000, 0x0000000100000000)
  region size 1024K, 15 young (15360K), 2 survivors (2048K)
 Metaspace       used 62828K, committed 63360K, reserved 1105920K
  class space    used 8329K, committed 8576K, reserved 1048576K
}
Event: 8.594 GC heap after
{Heap after GC invocations=22 (full 0):
 garbage-first heap   total 83968K, used 50120K [0x0000000080000000, 0x0000000100000000)
  region size 1024K, 3 young (3072K), 3 survivors (3072K)
 Metaspace       used 62828K, committed 63360K, reserved 1105920K
  class space    used 8329K, committed 8576K, reserved 1048576K
}
Event: 8.789 GC heap before
{Heap before GC invocations=23 (full 0):
 garbage-first heap   total 106496K, used 73672K [0x0000000080000000, 0x0000000100000000)
  region size 1024K, 20 young (20480K), 3 survivors (3072K)
 Metaspace       used 63596K, committed 64128K, reserved 1105920K
  class space    used 8439K, committed 8640K, reserved 1048576K
}
Event: 8.794 GC heap after
{Heap after GC invocations=24 (full 0):
 garbage-first heap   total 106496K, used 52157K [0x0000000080000000, 0x0000000100000000)
  region size 1024K, 3 young (3072K), 3 survivors (3072K)
 Metaspace       used 63596K, committed 64128K, reserved 1105920K
  class space    used 8439K, committed 8640K, reserved 1048576K
}
Event: 9.149 GC heap before
{Heap before GC invocations=24 (full 0):
 garbage-first heap   total 106496K, used 77757K [0x0000000080000000, 0x0000000100000000)
  region size 1024K, 28 young (28672K), 3 survivors (3072K)
 Metaspace       used 66035K, committed 66496K, reserved 1114112K
  class space    used 8738K, committed 8960K, reserved 1048576K
}
Event: 9.152 GC heap after
{Heap after GC invocations=25 (full 0):
 garbage-first heap   total 106496K, used 54020K [0x0000000080000000, 0x0000000100000000)
  region size 1024K, 2 young (2048K), 2 survivors (2048K)
 Metaspace       used 66035K, committed 66496K, reserved 1114112K
  class space    used 8738K, committed 8960K, reserved 1048576K
}
Event: 9.396 GC heap before
{Heap before GC invocations=26 (full 0):
 garbage-first heap   total 106496K, used 80644K [0x0000000080000000, 0x0000000100000000)
  region size 1024K, 28 young (28672K), 2 survivors (2048K)
 Metaspace       used 66972K, committed 67520K, reserved 1114112K
  class space    used 8875K, committed 9088K, reserved 1048576K
}
Event: 9.401 GC heap after
{Heap after GC invocations=27 (full 0):
 garbage-first heap   total 128000K, used 56430K [0x0000000080000000, 0x0000000100000000)
  region size 1024K, 4 young (4096K), 4 survivors (4096K)
 Metaspace       used 66972K, committed 67520K, reserved 1114112K
  class space    used 8875K, committed 9088K, reserved 1048576K
}
Event: 9.821 GC heap before
{Heap before GC invocations=27 (full 0):
 garbage-first heap   total 128000K, used 95342K [0x0000000080000000, 0x0000000100000000)
  region size 1024K, 41 young (41984K), 4 survivors (4096K)
 Metaspace       used 69349K, committed 69824K, reserved 1114112K
  class space    used 9193K, committed 9408K, reserved 1048576K
}
Event: 9.828 GC heap after
{Heap after GC invocations=28 (full 0):
 garbage-first heap   total 128000K, used 60319K [0x0000000080000000, 0x0000000100000000)
  region size 1024K, 6 young (6144K), 6 survivors (6144K)
 Metaspace       used 69349K, committed 69824K, reserved 1114112K
  class space    used 9193K, committed 9408K, reserved 1048576K
}
Event: 10.569 GC heap before
{Heap before GC invocations=28 (full 0):
 garbage-first heap   total 128000K, used 97183K [0x0000000080000000, 0x0000000100000000)
  region size 1024K, 42 young (43008K), 6 survivors (6144K)
 Metaspace       used 73705K, committed 74240K, reserved 1114112K
  class space    used 9987K, committed 10240K, reserved 1048576K
}
Event: 10.576 GC heap after
{Heap after GC invocations=29 (full 0):
 garbage-first heap   total 128000K, used 62442K [0x0000000080000000, 0x0000000100000000)
  region size 1024K, 3 young (3072K), 3 survivors (3072K)
 Metaspace       used 73705K, committed 74240K, reserved 1114112K
  class space    used 9987K, committed 10240K, reserved 1048576K
}
Event: 11.170 GC heap before
{Heap before GC invocations=29 (full 0):
 garbage-first heap   total 128000K, used 99306K [0x0000000080000000, 0x0000000100000000)
  region size 1024K, 39 young (39936K), 3 survivors (3072K)
 Metaspace       used 77602K, committed 78144K, reserved 1122304K
  class space    used 10560K, committed 10816K, reserved 1048576K
}
Event: 11.175 GC heap after
{Heap after GC invocations=30 (full 0):
 garbage-first heap   total 128000K, used 64690K [0x0000000080000000, 0x0000000100000000)
  region size 1024K, 5 young (5120K), 5 survivors (5120K)
 Metaspace       used 77602K, committed 78144K, reserved 1122304K
  class space    used 10560K, committed 10816K, reserved 1048576K
}
Event: 11.735 GC heap before
{Heap before GC invocations=31 (full 0):
 garbage-first heap   total 128000K, used 100530K [0x0000000080000000, 0x0000000100000000)
  region size 1024K, 40 young (40960K), 5 survivors (5120K)
 Metaspace       used 81462K, committed 82048K, reserved 1122304K
  class space    used 11110K, committed 11392K, reserved 1048576K
}
Event: 11.743 GC heap after
{Heap after GC invocations=32 (full 0):
 garbage-first heap   total 128000K, used 68045K [0x0000000080000000, 0x0000000100000000)
  region size 1024K, 4 young (4096K), 4 survivors (4096K)
 Metaspace       used 81462K, committed 82048K, reserved 1122304K
  class space    used 11110K, committed 11392K, reserved 1048576K
}
Event: 11.762 GC heap before
{Heap before GC invocations=32 (full 0):
 garbage-first heap   total 128000K, used 70093K [0x0000000080000000, 0x0000000100000000)
  region size 1024K, 6 young (6144K), 4 survivors (4096K)
 Metaspace       used 81594K, committed 82176K, reserved 1122304K
  class space    used 11134K, committed 11392K, reserved 1048576K
}
Event: 11.766 GC heap after
{Heap after GC invocations=33 (full 0):
 garbage-first heap   total 128000K, used 67876K [0x0000000080000000, 0x0000000100000000)
  region size 1024K, 1 young (1024K), 1 survivors (1024K)
 Metaspace       used 81594K, committed 82176K, reserved 1122304K
  class space    used 11134K, committed 11392K, reserved 1048576K
}
Event: 11.991 GC heap before
{Heap before GC invocations=33 (full 0):
 garbage-first heap   total 128000K, used 102692K [0x0000000080000000, 0x0000000100000000)
  region size 1024K, 35 young (35840K), 1 survivors (1024K)
 Metaspace       used 81933K, committed 82560K, reserved 1122304K
  class space    used 11167K, committed 11456K, reserved 1048576K
}

