# JRE version: OpenJDK Runtime Environment (17.0.6) (build 17.0.6+0-b2043.56-10027231)
# Java VM: OpenJDK 64-Bit Server VM (17.0.6+0-b2043.56-10027231, mixed mode, tiered, compressed oops, compressed class ptrs, g1 gc, windows-amd64)
GC Precious Log:
 CPUs: 8 total, 8 available
 Memory: 8084M
 Large Page Support: Disabled
 NUMA Support: Disabled
 Compressed Oops: Enabled (32-bit)
 Heap Region Size: 1M
 Heap Min Capacity: 8M
 Heap Initial Capacity: 128M
 Heap Max Capacity: 2G
 Pre-touch: Disabled
 Parallel Workers: 8
 Concurrent Workers: 2
 Concurrent Refinement Workers: 8
 Periodic GC: Disabled
Heap:
 garbage-first heap   total 86016K, used 56359K [0x0000000080000000, 0x0000000100000000)
  region size 1024K, 9 young (9216K), 1 survivors (1024K)
 Metaspace       used 60622K, committed 61056K, reserved 1105920K
  class space    used 8006K, committed 8192K, reserved 1048576K
GC Heap History (20 events):
Event: 8.067 GC heap before
{Heap before GC invocations=12 (full 0):
 garbage-first heap   total 68608K, used 42014K [0x0000000080000000, 0x0000000100000000)
  region size 1024K, 13 young (13312K), 2 survivors (2048K)
 Metaspace       used 46109K, committed 46464K, reserved 1089536K
  class space    used 6115K, committed 6272K, reserved 1048576K
}
Event: 8.071 GC heap after
{Heap after GC invocations=13 (full 0):
 garbage-first heap   total 68608K, used 34076K [0x0000000080000000, 0x0000000100000000)
  region size 1024K, 2 young (2048K), 2 survivors (2048K)
 Metaspace       used 46109K, committed 46464K, reserved 1089536K
  class space    used 6115K, committed 6272K, reserved 1048576K
}
Event: 8.591 GC heap before
{Heap before GC invocations=14 (full 0):
 garbage-first heap   total 68608K, used 54556K [0x0000000080000000, 0x0000000100000000)
  region size 1024K, 21 young (21504K), 2 survivors (2048K)
 Metaspace       used 49102K, committed 49536K, reserved 1097728K
  class space    used 6490K, committed 6656K, reserved 1048576K
}
Event: 8.595 GC heap after
{Heap after GC invocations=15 (full 0):
 garbage-first heap   total 68608K, used 34292K [0x0000000080000000, 0x0000000100000000)
  region size 1024K, 2 young (2048K), 2 survivors (2048K)
 Metaspace       used 49102K, committed 49536K, reserved 1097728K
  class space    used 6490K, committed 6656K, reserved 1048576K
}
Event: 9.324 GC heap before
{Heap before GC invocations=15 (full 0):
 garbage-first heap   total 68608K, used 53748K [0x0000000080000000, 0x0000000100000000)
  region size 1024K, 21 young (21504K), 2 survivors (2048K)
 Metaspace       used 51037K, committed 51456K, reserved 1097728K
  class space    used 6755K, committed 6912K, reserved 1048576K
}
Event: 9.328 GC heap after
{Heap after GC invocations=16 (full 0):
 garbage-first heap   total 82944K, used 36137K [0x0000000080000000, 0x0000000100000000)
  region size 1024K, 3 young (3072K), 3 survivors (3072K)
 Metaspace       used 51037K, committed 51456K, reserved 1097728K
  class space    used 6755K, committed 6912K, reserved 1048576K
}
Event: 10.106 GC heap before
{Heap before GC invocations=17 (full 0):
 garbage-first heap   total 82944K, used 66857K [0x0000000080000000, 0x0000000100000000)
  region size 1024K, 31 young (31744K), 3 survivors (3072K)
 Metaspace       used 51851K, committed 52288K, reserved 1097728K
  class space    used 6842K, committed 7040K, reserved 1048576K
}
Event: 10.111 GC heap after
{Heap after GC invocations=18 (full 0):
 garbage-first heap   total 82944K, used 45802K [0x0000000080000000, 0x0000000100000000)
  region size 1024K, 4 young (4096K), 4 survivors (4096K)
 Metaspace       used 51851K, committed 52288K, reserved 1097728K
  class space    used 6842K, committed 7040K, reserved 1048576K
}
Event: 10.113 GC heap before
{Heap before GC invocations=18 (full 0):
 garbage-first heap   total 82944K, used 45802K [0x0000000080000000, 0x0000000100000000)
  region size 1024K, 5 young (5120K), 4 survivors (4096K)
 Metaspace       used 51851K, committed 52288K, reserved 1097728K
  class space    used 6842K, committed 7040K, reserved 1048576K
}
Event: 10.115 GC heap after
{Heap after GC invocations=19 (full 0):
 garbage-first heap   total 82944K, used 46345K [0x0000000080000000, 0x0000000100000000)
  region size 1024K, 1 young (1024K), 1 survivors (1024K)
 Metaspace       used 51851K, committed 52288K, reserved 1097728K
  class space    used 6842K, committed 7040K, reserved 1048576K
}
Event: 10.729 GC heap before
{Heap before GC invocations=20 (full 0):
 garbage-first heap   total 83968K, used 61705K [0x0000000080000000, 0x0000000100000000)
  region size 1024K, 16 young (16384K), 1 survivors (1024K)
 Metaspace       used 53623K, committed 54016K, reserved 1097728K
  class space    used 7086K, committed 7232K, reserved 1048576K
}
Event: 10.732 GC heap after
{Heap after GC invocations=21 (full 0):
 garbage-first heap   total 83968K, used 48585K [0x0000000080000000, 0x0000000100000000)
  region size 1024K, 2 young (2048K), 2 survivors (2048K)
 Metaspace       used 53623K, committed 54016K, reserved 1097728K
  class space    used 7086K, committed 7232K, reserved 1048576K
}
Event: 10.772 GC heap before
{Heap before GC invocations=21 (full 0):
 garbage-first heap   total 83968K, used 50633K [0x0000000080000000, 0x0000000100000000)
  region size 1024K, 4 young (4096K), 2 survivors (2048K)
 Metaspace       used 53884K, committed 54272K, reserved 1097728K
  class space    used 7126K, committed 7296K, reserved 1048576K
}
Event: 10.776 GC heap after
{Heap after GC invocations=22 (full 0):
 garbage-first heap   total 83968K, used 48713K [0x0000000080000000, 0x0000000100000000)
  region size 1024K, 1 young (1024K), 1 survivors (1024K)
 Metaspace       used 53884K, committed 54272K, reserved 1097728K
  class space    used 7126K, committed 7296K, reserved 1048576K
}
Event: 11.120 GC heap before
{Heap before GC invocations=22 (full 0):
 garbage-first heap   total 83968K, used 63049K [0x0000000080000000, 0x0000000100000000)
  region size 1024K, 15 young (15360K), 1 survivors (1024K)
 Metaspace       used 55856K, committed 56320K, reserved 1097728K
  class space    used 7403K, committed 7616K, reserved 1048576K
}
Event: 11.122 GC heap after
{Heap after GC invocations=23 (full 0):
 garbage-first heap   total 83968K, used 49282K [0x0000000080000000, 0x0000000100000000)
  region size 1024K, 1 young (1024K), 1 survivors (1024K)
 Metaspace       used 55856K, committed 56320K, reserved 1097728K
  class space    used 7403K, committed 7616K, reserved 1048576K
}
Event: 11.564 GC heap before
{Heap before GC invocations=24 (full 0):
 garbage-first heap   total 86016K, used 63618K [0x0000000080000000, 0x0000000100000000)
  region size 1024K, 16 young (16384K), 1 survivors (1024K)
 Metaspace       used 58508K, committed 59008K, reserved 1105920K
  class space    used 7704K, committed 7936K, reserved 1048576K
}
Event: 11.567 GC heap after
{Heap after GC invocations=25 (full 0):
 garbage-first heap   total 86016K, used 49740K [0x0000000080000000, 0x0000000100000000)
  region size 1024K, 2 young (2048K), 2 survivors (2048K)
 Metaspace       used 58508K, committed 59008K, reserved 1105920K
  class space    used 7704K, committed 7936K, reserved 1048576K
}
Event: 11.642 GC heap before
{Heap before GC invocations=25 (full 0):
 garbage-first heap   total 86016K, used 51788K [0x0000000080000000, 0x0000000100000000)
  region size 1024K, 4 young (4096K), 2 survivors (2048K)
 Metaspace       used 58748K, committed 59264K, reserved 1105920K
  class space    used 7728K, committed 7936K, reserved 1048576K
}
Event: 11.646 GC heap after
{Heap after GC invocations=26 (full 0):
 garbage-first heap   total 86016K, used 49191K [0x0000000080000000, 0x0000000100000000)
  region size 1024K, 1 young (1024K), 1 survivors (1024K)
 Metaspace       used 58748K, committed 59264K, reserved 1105920K
  class space    used 7728K, committed 7936K, reserved 1048576K
}

