# JRE version: OpenJDK Runtime Environment (17.0.6) (build 17.0.6+0-b2043.56-10027231)
# Java VM: OpenJDK 64-Bit Server VM (17.0.6+0-b2043.56-10027231, mixed mode, tiered, compressed oops, compressed class ptrs, g1 gc, windows-amd64)
GC Precious Log:
 CPUs: 8 total, 8 available
 Memory: 8084M
 Large Page Support: Disabled
 NUMA Support: Disabled
 Compressed Oops: Enabled (32-bit)
 Heap Region Size: 1M
 Heap Min Capacity: 8M
 Heap Initial Capacity: 128M
 Heap Max Capacity: 2G
 Pre-touch: Disabled
 Parallel Workers: 8
 Concurrent Workers: 2
 Concurrent Refinement Workers: 8
 Periodic GC: Disabled
Heap:
 garbage-first heap   total 356352K, used 264105K [0x0000000080000000, 0x0000000100000000)
  region size 1024K, 106 young (108544K), 20 survivors (20480K)
 Metaspace       used 124071K, committed 124992K, reserved 1163264K
  class space    used 17079K, committed 17536K, reserved 1048576K
GC Heap History (20 events):
Event: 17.639 GC heap before
{Heap before GC invocations=34 (full 0):
 garbage-first heap   total 171008K, used 133240K [0x0000000080000000, 0x0000000100000000)
  region size 1024K, 58 young (59392K), 6 survivors (6144K)
 Metaspace       used 85587K, committed 86208K, reserved 1130496K
  class space    used 11751K, committed 12032K, reserved 1048576K
}
Event: 17.645 GC heap after
{Heap after GC invocations=35 (full 0):
 garbage-first heap   total 171008K, used 85447K [0x0000000080000000, 0x0000000100000000)
  region size 1024K, 5 young (5120K), 5 survivors (5120K)
 Metaspace       used 85587K, committed 86208K, reserved 1130496K
  class space    used 11751K, committed 12032K, reserved 1048576K
}
Event: 17.744 GC heap before
{Heap before GC invocations=35 (full 0):
 garbage-first heap   total 171008K, used 88519K [0x0000000080000000, 0x0000000100000000)
  region size 1024K, 10 young (10240K), 5 survivors (5120K)
 Metaspace       used 85867K, committed 86464K, reserved 1130496K
  class space    used 11806K, committed 12096K, reserved 1048576K
}
Event: 17.748 GC heap after
{Heap after GC invocations=36 (full 0):
 garbage-first heap   total 171008K, used 86764K [0x0000000080000000, 0x0000000100000000)
  region size 1024K, 2 young (2048K), 2 survivors (2048K)
 Metaspace       used 85867K, committed 86464K, reserved 1130496K
  class space    used 11806K, committed 12096K, reserved 1048576K
}
Event: 18.891 GC heap before
{Heap before GC invocations=37 (full 0):
 garbage-first heap   total 171008K, used 141036K [0x0000000080000000, 0x0000000100000000)
  region size 1024K, 53 young (54272K), 2 survivors (2048K)
 Metaspace       used 93758K, committed 94400K, reserved 1130496K
  class space    used 12737K, committed 13056K, reserved 1048576K
}
Event: 18.897 GC heap after
{Heap after GC invocations=38 (full 0):
 garbage-first heap   total 171008K, used 95939K [0x0000000080000000, 0x0000000100000000)
  region size 1024K, 7 young (7168K), 7 survivors (7168K)
 Metaspace       used 93758K, committed 94400K, reserved 1130496K
  class space    used 12737K, committed 13056K, reserved 1048576K
}
Event: 18.903 GC heap before
{Heap before GC invocations=38 (full 0):
 garbage-first heap   total 171008K, used 96963K [0x0000000080000000, 0x0000000100000000)
  region size 1024K, 8 young (8192K), 7 survivors (7168K)
 Metaspace       used 93768K, committed 94464K, reserved 1130496K
  class space    used 12737K, committed 13056K, reserved 1048576K
}
Event: 18.908 GC heap after
{Heap after GC invocations=39 (full 0):
 garbage-first heap   total 171008K, used 96673K [0x0000000080000000, 0x0000000100000000)
  region size 1024K, 1 young (1024K), 1 survivors (1024K)
 Metaspace       used 93768K, committed 94464K, reserved 1130496K
  class space    used 12737K, committed 13056K, reserved 1048576K
}
Event: 19.652 GC heap before
{Heap before GC invocations=39 (full 0):
 garbage-first heap   total 171008K, used 137633K [0x0000000080000000, 0x0000000100000000)
  region size 1024K, 42 young (43008K), 1 survivors (1024K)
 Metaspace       used 95850K, committed 96512K, reserved 1138688K
  class space    used 12942K, committed 13248K, reserved 1048576K
}
Event: 19.659 GC heap after
{Heap after GC invocations=40 (full 0):
 garbage-first heap   total 171008K, used 100746K [0x0000000080000000, 0x0000000100000000)
  region size 1024K, 5 young (5120K), 5 survivors (5120K)
 Metaspace       used 95850K, committed 96512K, reserved 1138688K
  class space    used 12942K, committed 13248K, reserved 1048576K
}
Event: 20.436 GC heap before
{Heap before GC invocations=41 (full 0):
 garbage-first heap   total 178176K, used 137610K [0x0000000080000000, 0x0000000100000000)
  region size 1024K, 42 young (43008K), 5 survivors (5120K)
 Metaspace       used 96818K, committed 97536K, reserved 1138688K
  class space    used 13067K, committed 13440K, reserved 1048576K
}
Event: 20.445 GC heap after
{Heap after GC invocations=42 (full 0):
 garbage-first heap   total 178176K, used 105089K [0x0000000080000000, 0x0000000100000000)
  region size 1024K, 5 young (5120K), 5 survivors (5120K)
 Metaspace       used 96818K, committed 97536K, reserved 1138688K
  class space    used 13067K, committed 13440K, reserved 1048576K
}
Event: 20.474 GC heap before
{Heap before GC invocations=42 (full 0):
 garbage-first heap   total 178176K, used 108161K [0x0000000080000000, 0x0000000100000000)
  region size 1024K, 8 young (8192K), 5 survivors (5120K)
 Metaspace       used 96840K, committed 97536K, reserved 1138688K
  class space    used 13067K, committed 13440K, reserved 1048576K
}
Event: 20.481 GC heap after
{Heap after GC invocations=43 (full 0):
 garbage-first heap   total 356352K, used 105370K [0x0000000080000000, 0x0000000100000000)
  region size 1024K, 1 young (1024K), 1 survivors (1024K)
 Metaspace       used 96840K, committed 97536K, reserved 1138688K
  class space    used 13067K, committed 13440K, reserved 1048576K
}
Event: 24.000 GC heap before
{Heap before GC invocations=43 (full 0):
 garbage-first heap   total 356352K, used 258970K [0x0000000080000000, 0x0000000100000000)
  region size 1024K, 152 young (155648K), 1 survivors (1024K)
 Metaspace       used 114435K, committed 115200K, reserved 1155072K
  class space    used 16022K, committed 16384K, reserved 1048576K
}
Event: 24.009 GC heap after
{Heap after GC invocations=44 (full 0):
 garbage-first heap   total 356352K, used 110668K [0x0000000080000000, 0x0000000100000000)
  region size 1024K, 6 young (6144K), 6 survivors (6144K)
 Metaspace       used 114435K, committed 115200K, reserved 1155072K
  class space    used 16022K, committed 16384K, reserved 1048576K
}
Event: 587.813 GC heap before
{Heap before GC invocations=44 (full 0):
 garbage-first heap   total 356352K, used 305228K [0x0000000080000000, 0x0000000100000000)
  region size 1024K, 169 young (173056K), 6 survivors (6144K)
 Metaspace       used 122382K, committed 123136K, reserved 1155072K
  class space    used 17010K, committed 17408K, reserved 1048576K
}
Event: 587.951 GC heap after
{Heap after GC invocations=45 (full 0):
 garbage-first heap   total 356352K, used 133879K [0x0000000080000000, 0x0000000100000000)
  region size 1024K, 22 young (22528K), 22 survivors (22528K)
 Metaspace       used 122382K, committed 123136K, reserved 1155072K
  class space    used 17010K, committed 17408K, reserved 1048576K
}
Event: 830.485 GC heap before
{Heap before GC invocations=45 (full 0):
 garbage-first heap   total 356352K, used 304887K [0x0000000080000000, 0x0000000100000000)
  region size 1024K, 162 young (165888K), 22 survivors (22528K)
 Metaspace       used 123369K, committed 124224K, reserved 1163264K
  class space    used 17047K, committed 17472K, reserved 1048576K
}
Event: 830.593 GC heap after
{Heap after GC invocations=46 (full 0):
 garbage-first heap   total 356352K, used 151465K [0x0000000080000000, 0x0000000100000000)
  region size 1024K, 20 young (20480K), 20 survivors (20480K)
 Metaspace       used 123369K, committed 124224K, reserved 1163264K
  class space    used 17047K, committed 17472K, reserved 1048576K
}

