# JRE version: OpenJDK Runtime Environment (17.0.6) (build 17.0.6+0-b2043.56-10027231)
# Java VM: OpenJDK 64-Bit Server VM (17.0.6+0-b2043.56-10027231, mixed mode, tiered, compressed oops, compressed class ptrs, g1 gc, windows-amd64)
GC Precious Log:
 CPUs: 8 total, 8 available
 Memory: 8084M
 Large Page Support: Disabled
 NUMA Support: Disabled
 Compressed Oops: Enabled (32-bit)
 Heap Region Size: 1M
 Heap Min Capacity: 8M
 Heap Initial Capacity: 128M
 Heap Max Capacity: 2G
 Pre-touch: Disabled
 Parallel Workers: 8
 Concurrent Workers: 2
 Concurrent Refinement Workers: 8
 Periodic GC: Disabled
Heap:
 garbage-first heap   total 220160K, used 123225K [0x0000000080000000, 0x0000000100000000)
  region size 1024K, 7 young (7168K), 5 survivors (5120K)
 Metaspace       used 97252K, committed 97920K, reserved 1138688K
  class space    used 12873K, committed 13184K, reserved 1048576K
GC Heap History (20 events):
Event: 67.659 GC heap before
{Heap before GC invocations=29 (full 0):
 garbage-first heap   total 122880K, used 101362K [0x0000000080000000, 0x0000000100000000)
  region size 1024K, 30 young (30720K), 1 survivors (1024K)
 Metaspace       used 84333K, committed 84992K, reserved 1130496K
  class space    used 11530K, committed 11840K, reserved 1048576K
}
Event: 67.665 GC heap after
{Heap after GC invocations=30 (full 0):
 garbage-first heap   total 197632K, used 75147K [0x0000000080000000, 0x0000000100000000)
  region size 1024K, 4 young (4096K), 4 survivors (4096K)
 Metaspace       used 84333K, committed 84992K, reserved 1130496K
  class space    used 11530K, committed 11840K, reserved 1048576K
}
Event: 70.041 GC heap before
{Heap before GC invocations=31 (full 0):
 garbage-first heap   total 197632K, used 157067K [0x0000000080000000, 0x0000000100000000)
  region size 1024K, 84 young (86016K), 4 survivors (4096K)
 Metaspace       used 88126K, committed 88768K, reserved 1130496K
  class space    used 12006K, committed 12288K, reserved 1048576K
}
Event: 70.055 GC heap after
{Heap after GC invocations=32 (full 0):
 garbage-first heap   total 197632K, used 82805K [0x0000000080000000, 0x0000000100000000)
  region size 1024K, 11 young (11264K), 11 survivors (11264K)
 Metaspace       used 88126K, committed 88768K, reserved 1130496K
  class space    used 12006K, committed 12288K, reserved 1048576K
}
Event: 70.063 GC heap before
{Heap before GC invocations=32 (full 0):
 garbage-first heap   total 197632K, used 83829K [0x0000000080000000, 0x0000000100000000)
  region size 1024K, 12 young (12288K), 11 survivors (11264K)
 Metaspace       used 88150K, committed 88768K, reserved 1130496K
  class space    used 12010K, committed 12288K, reserved 1048576K
}
Event: 70.071 GC heap after
{Heap after GC invocations=33 (full 0):
 garbage-first heap   total 197632K, used 84302K [0x0000000080000000, 0x0000000100000000)
  region size 1024K, 2 young (2048K), 2 survivors (2048K)
 Metaspace       used 88150K, committed 88768K, reserved 1130496K
  class space    used 12010K, committed 12288K, reserved 1048576K
}
Event: 71.886 GC heap before
{Heap before GC invocations=33 (full 0):
 garbage-first heap   total 197632K, used 164174K [0x0000000080000000, 0x0000000100000000)
  region size 1024K, 72 young (73728K), 2 survivors (2048K)
 Metaspace       used 91226K, committed 92032K, reserved 1130496K
  class space    used 12361K, committed 12736K, reserved 1048576K
}
Event: 71.899 GC heap after
{Heap after GC invocations=34 (full 0):
 garbage-first heap   total 197632K, used 107520K [0x0000000080000000, 0x0000000100000000)
  region size 1024K, 9 young (9216K), 9 survivors (9216K)
 Metaspace       used 91226K, committed 92032K, reserved 1130496K
  class space    used 12361K, committed 12736K, reserved 1048576K
}
Event: 72.181 GC heap before
{Heap before GC invocations=34 (full 0):
 garbage-first heap   total 197632K, used 121856K [0x0000000080000000, 0x0000000100000000)
  region size 1024K, 25 young (25600K), 9 survivors (9216K)
 Metaspace       used 91625K, committed 92288K, reserved 1130496K
  class space    used 12396K, committed 12736K, reserved 1048576K
}
Event: 72.192 GC heap after
{Heap after GC invocations=35 (full 0):
 garbage-first heap   total 197632K, used 111986K [0x0000000080000000, 0x0000000100000000)
  region size 1024K, 4 young (4096K), 4 survivors (4096K)
 Metaspace       used 91625K, committed 92288K, reserved 1130496K
  class space    used 12396K, committed 12736K, reserved 1048576K
}
Event: 73.095 GC heap before
{Heap before GC invocations=36 (full 0):
 garbage-first heap   total 206848K, used 156018K [0x0000000080000000, 0x0000000100000000)
  region size 1024K, 39 young (39936K), 4 survivors (4096K)
 Metaspace       used 91893K, committed 92608K, reserved 1130496K
  class space    used 12412K, committed 12736K, reserved 1048576K
}
Event: 73.104 GC heap after
{Heap after GC invocations=37 (full 0):
 garbage-first heap   total 206848K, used 119741K [0x0000000080000000, 0x0000000100000000)
  region size 1024K, 5 young (5120K), 5 survivors (5120K)
 Metaspace       used 91893K, committed 92608K, reserved 1130496K
  class space    used 12412K, committed 12736K, reserved 1048576K
}
Event: 73.247 GC heap before
{Heap before GC invocations=37 (full 0):
 garbage-first heap   total 206848K, used 142269K [0x0000000080000000, 0x0000000100000000)
  region size 1024K, 10 young (10240K), 5 survivors (5120K)
 Metaspace       used 92099K, committed 92864K, reserved 1130496K
  class space    used 12428K, committed 12800K, reserved 1048576K
}
Event: 73.254 GC heap after
{Heap after GC invocations=38 (full 0):
 garbage-first heap   total 206848K, used 120692K [0x0000000080000000, 0x0000000100000000)
  region size 1024K, 2 young (2048K), 2 survivors (2048K)
 Metaspace       used 92099K, committed 92864K, reserved 1130496K
  class space    used 12428K, committed 12800K, reserved 1048576K
}
Event: 73.466 GC heap before
{Heap before GC invocations=38 (full 0):
 garbage-first heap   total 206848K, used 156532K [0x0000000080000000, 0x0000000100000000)
  region size 1024K, 37 young (37888K), 2 survivors (2048K)
 Metaspace       used 93120K, committed 93888K, reserved 1130496K
  class space    used 12522K, committed 12864K, reserved 1048576K
}
Event: 73.471 GC heap after
{Heap after GC invocations=39 (full 0):
 garbage-first heap   total 206848K, used 126715K [0x0000000080000000, 0x0000000100000000)
  region size 1024K, 5 young (5120K), 5 survivors (5120K)
 Metaspace       used 93120K, committed 93888K, reserved 1130496K
  class space    used 12522K, committed 12864K, reserved 1048576K
}
Event: 73.845 GC heap before
{Heap before GC invocations=39 (full 0):
 garbage-first heap   total 206848K, used 160507K [0x0000000080000000, 0x0000000100000000)
  region size 1024K, 39 young (39936K), 5 survivors (5120K)
 Metaspace       used 95604K, committed 96320K, reserved 1138688K
  class space    used 12721K, committed 13056K, reserved 1048576K
}
Event: 73.850 GC heap after
{Heap after GC invocations=40 (full 0):
 garbage-first heap   total 206848K, used 129312K [0x0000000080000000, 0x0000000100000000)
  region size 1024K, 3 young (3072K), 3 survivors (3072K)
 Metaspace       used 95604K, committed 96320K, reserved 1138688K
  class space    used 12721K, committed 13056K, reserved 1048576K
}
Event: 74.041 GC heap before
{Heap before GC invocations=40 (full 0):
 garbage-first heap   total 206848K, used 164128K [0x0000000080000000, 0x0000000100000000)
  region size 1024K, 37 young (37888K), 3 survivors (3072K)
 Metaspace       used 96154K, committed 96832K, reserved 1138688K
  class space    used 12760K, committed 13056K, reserved 1048576K
}
Event: 74.047 GC heap after
{Heap after GC invocations=41 (full 0):
 garbage-first heap   total 206848K, used 130814K [0x0000000080000000, 0x0000000100000000)
  region size 1024K, 4 young (4096K), 4 survivors (4096K)
 Metaspace       used 96154K, committed 96832K, reserved 1138688K
  class space    used 12760K, committed 13056K, reserved 1048576K
}

