# JRE version: OpenJDK Runtime Environment (17.0.6) (build 17.0.6+0-b2043.56-10027231)
# Java VM: OpenJDK 64-Bit Server VM (17.0.6+0-b2043.56-10027231, mixed mode, tiered, compressed oops, compressed class ptrs, g1 gc, windows-amd64)
GC Precious Log:
 CPUs: 8 total, 8 available
 Memory: 8084M
 Large Page Support: Disabled
 NUMA Support: Disabled
 Compressed Oops: Enabled (32-bit)
 Heap Region Size: 1M
 Heap Min Capacity: 8M
 Heap Initial Capacity: 128M
 Heap Max Capacity: 2G
 Pre-touch: Disabled
 Parallel Workers: 8
 Concurrent Workers: 2
 Concurrent Refinement Workers: 8
 Periodic GC: Disabled
Heap:
 garbage-first heap   total 266240K, used 138323K [0x0000000080000000, 0x0000000100000000)
  region size 1024K, 2 young (2048K), 2 survivors (2048K)
 Metaspace       used 107757K, committed 108480K, reserved 1146880K
  class space    used 14318K, committed 14656K, reserved 1048576K
GC Heap History (20 events):
Event: 17.246 GC heap after
{Heap after GC invocations=41 (full 0):
 garbage-first heap   total 239616K, used 116553K [0x0000000080000000, 0x0000000100000000)
  region size 1024K, 11 young (11264K), 11 survivors (11264K)
 Metaspace       used 89338K, committed 90048K, reserved 1130496K
  class space    used 12130K, committed 12480K, reserved 1048576K
}
Event: 17.265 GC heap before
{Heap before GC invocations=41 (full 0):
 garbage-first heap   total 239616K, used 120649K [0x0000000080000000, 0x0000000100000000)
  region size 1024K, 12 young (12288K), 11 survivors (11264K)
 Metaspace       used 89338K, committed 90048K, reserved 1130496K
  class space    used 12130K, committed 12480K, reserved 1048576K
}
Event: 17.273 GC heap after
{Heap after GC invocations=42 (full 0):
 garbage-first heap   total 239616K, used 119885K [0x0000000080000000, 0x0000000100000000)
  region size 1024K, 1 young (1024K), 1 survivors (1024K)
 Metaspace       used 89338K, committed 90048K, reserved 1130496K
  class space    used 12130K, committed 12480K, reserved 1048576K
}
Event: 18.180 GC heap before
{Heap before GC invocations=43 (full 0):
 garbage-first heap   total 266240K, used 195661K [0x0000000080000000, 0x0000000100000000)
  region size 1024K, 66 young (67584K), 1 survivors (1024K)
 Metaspace       used 93877K, committed 94592K, reserved 1138688K
  class space    used 12552K, committed 12864K, reserved 1048576K
}
Event: 18.192 GC heap after
{Heap after GC invocations=44 (full 0):
 garbage-first heap   total 266240K, used 128416K [0x0000000080000000, 0x0000000100000000)
  region size 1024K, 9 young (9216K), 9 survivors (9216K)
 Metaspace       used 93877K, committed 94592K, reserved 1138688K
  class space    used 12552K, committed 12864K, reserved 1048576K
}
Event: 18.219 GC heap before
{Heap before GC invocations=44 (full 0):
 garbage-first heap   total 266240K, used 132512K [0x0000000080000000, 0x0000000100000000)
  region size 1024K, 13 young (13312K), 9 survivors (9216K)
 Metaspace       used 93927K, committed 94592K, reserved 1138688K
  class space    used 12560K, committed 12864K, reserved 1048576K
}
Event: 18.226 GC heap after
{Heap after GC invocations=45 (full 0):
 garbage-first heap   total 266240K, used 128681K [0x0000000080000000, 0x0000000100000000)
  region size 1024K, 2 young (2048K), 2 survivors (2048K)
 Metaspace       used 93927K, committed 94592K, reserved 1138688K
  class space    used 12560K, committed 12864K, reserved 1048576K
}
Event: 18.626 GC heap before
{Heap before GC invocations=45 (full 0):
 garbage-first heap   total 266240K, used 204457K [0x0000000080000000, 0x0000000100000000)
  region size 1024K, 77 young (78848K), 2 survivors (2048K)
 Metaspace       used 95325K, committed 96000K, reserved 1138688K
  class space    used 12694K, committed 12992K, reserved 1048576K
}
Event: 18.635 GC heap after
{Heap after GC invocations=46 (full 0):
 garbage-first heap   total 266240K, used 131446K [0x0000000080000000, 0x0000000100000000)
  region size 1024K, 4 young (4096K), 4 survivors (4096K)
 Metaspace       used 95325K, committed 96000K, reserved 1138688K
  class space    used 12694K, committed 12992K, reserved 1048576K
}
Event: 19.588 GC heap before
{Heap before GC invocations=47 (full 0):
 garbage-first heap   total 266240K, used 188790K [0x0000000080000000, 0x0000000100000000)
  region size 1024K, 81 young (82944K), 4 survivors (4096K)
 Metaspace       used 100609K, committed 101248K, reserved 1138688K
  class space    used 13384K, committed 13696K, reserved 1048576K
}
Event: 19.595 GC heap after
{Heap after GC invocations=48 (full 0):
 garbage-first heap   total 266240K, used 113201K [0x0000000080000000, 0x0000000100000000)
  region size 1024K, 7 young (7168K), 7 survivors (7168K)
 Metaspace       used 100609K, committed 101248K, reserved 1138688K
  class space    used 13384K, committed 13696K, reserved 1048576K
}
Event: 19.705 GC heap before
{Heap before GC invocations=48 (full 0):
 garbage-first heap   total 266240K, used 119345K [0x0000000080000000, 0x0000000100000000)
  region size 1024K, 13 young (13312K), 7 survivors (7168K)
 Metaspace       used 100819K, committed 101504K, reserved 1138688K
  class space    used 13412K, committed 13760K, reserved 1048576K
}
Event: 19.721 GC heap after
{Heap after GC invocations=49 (full 0):
 garbage-first heap   total 266240K, used 102829K [0x0000000080000000, 0x0000000100000000)
  region size 1024K, 2 young (2048K), 2 survivors (2048K)
 Metaspace       used 100819K, committed 101504K, reserved 1138688K
  class space    used 13412K, committed 13760K, reserved 1048576K
}
Event: 20.813 GC heap before
{Heap before GC invocations=49 (full 0):
 garbage-first heap   total 266240K, used 207277K [0x0000000080000000, 0x0000000100000000)
  region size 1024K, 101 young (103424K), 2 survivors (2048K)
 Metaspace       used 103122K, committed 103808K, reserved 1138688K
  class space    used 13684K, committed 14016K, reserved 1048576K
}
Event: 20.822 GC heap after
{Heap after GC invocations=50 (full 0):
 garbage-first heap   total 266240K, used 114868K [0x0000000080000000, 0x0000000100000000)
  region size 1024K, 10 young (10240K), 10 survivors (10240K)
 Metaspace       used 103122K, committed 103808K, reserved 1138688K
  class space    used 13684K, committed 14016K, reserved 1048576K
}
Event: 20.867 GC heap before
{Heap before GC invocations=50 (full 0):
 garbage-first heap   total 266240K, used 126132K [0x0000000080000000, 0x0000000100000000)
  region size 1024K, 23 young (23552K), 10 survivors (10240K)
 Metaspace       used 103122K, committed 103808K, reserved 1138688K
  class space    used 13684K, committed 14016K, reserved 1048576K
}
Event: 20.886 GC heap after
{Heap after GC invocations=51 (full 0):
 garbage-first heap   total 266240K, used 118771K [0x0000000080000000, 0x0000000100000000)
  region size 1024K, 4 young (4096K), 4 survivors (4096K)
 Metaspace       used 103122K, committed 103808K, reserved 1138688K
  class space    used 13684K, committed 14016K, reserved 1048576K
}
Event: 22.091 GC heap before
{Heap before GC invocations=52 (full 0):
 garbage-first heap   total 266240K, used 236531K [0x0000000080000000, 0x0000000100000000)
  region size 1024K, 94 young (96256K), 4 survivors (4096K)
 Metaspace       used 107691K, committed 108416K, reserved 1146880K
  class space    used 14311K, committed 14656K, reserved 1048576K
}
Event: 22.103 GC heap after
{Heap after GC invocations=53 (full 0):
 garbage-first heap   total 266240K, used 137944K [0x0000000080000000, 0x0000000100000000)
  region size 1024K, 10 young (10240K), 10 survivors (10240K)
 Metaspace       used 107691K, committed 108416K, reserved 1146880K
  class space    used 14311K, committed 14656K, reserved 1048576K
}
Event: 22.193 GC heap before
{Heap before GC invocations=53 (full 0):
 garbage-first heap   total 266240K, used 149208K [0x0000000080000000, 0x0000000100000000)
  region size 1024K, 13 young (13312K), 10 survivors (10240K)
 Metaspace       used 107757K, committed 108480K, reserved 1146880K
  class space    used 14318K, committed 14656K, reserved 1048576K
}

