# JRE version: OpenJDK Runtime Environment (17.0.6) (build 17.0.6+0-b2043.56-10027231)
# Java VM: OpenJDK 64-Bit Server VM (17.0.6+0-b2043.56-10027231, mixed mode, tiered, compressed oops, compressed class ptrs, g1 gc, windows-amd64)
GC Precious Log:
 CPUs: 8 total, 8 available
 Memory: 8084M
 Large Page Support: Disabled
 NUMA Support: Disabled
 Compressed Oops: Enabled (32-bit)
 Heap Region Size: 1M
 Heap Min Capacity: 8M
 Heap Initial Capacity: 128M
 Heap Max Capacity: 2G
 Pre-touch: Disabled
 Parallel Workers: 8
 Concurrent Workers: 2
 Concurrent Refinement Workers: 8
 Periodic GC: Disabled
Heap:
 garbage-first heap   total 181248K, used 93425K [0x0000000080000000, 0x0000000100000000)
  region size 1024K, 18 young (18432K), 5 survivors (5120K)
 Metaspace       used 85277K, committed 85824K, reserved 1130496K
  class space    used 11709K, committed 11968K, reserved 1048576K
GC Heap History (20 events):
Event: 9.336 GC heap before
{Heap before GC invocations=23 (full 0):
 garbage-first heap   total 107520K, used 80153K [0x0000000080000000, 0x0000000100000000)
  region size 1024K, 31 young (31744K), 3 survivors (3072K)
 Metaspace       used 66498K, committed 67008K, reserved 1114112K
  class space    used 8753K, committed 9024K, reserved 1048576K
}
Event: 9.341 GC heap after
{Heap after GC invocations=24 (full 0):
 garbage-first heap   total 107520K, used 53498K [0x0000000080000000, 0x0000000100000000)
  region size 1024K, 2 young (2048K), 2 survivors (2048K)
 Metaspace       used 66498K, committed 67008K, reserved 1114112K
  class space    used 8753K, committed 9024K, reserved 1048576K
}
Event: 9.582 GC heap before
{Heap before GC invocations=25 (full 0):
 garbage-first heap   total 107520K, used 82170K [0x0000000080000000, 0x0000000100000000)
  region size 1024K, 30 young (30720K), 2 survivors (2048K)
 Metaspace       used 66882K, committed 67456K, reserved 1114112K
  class space    used 8841K, committed 9088K, reserved 1048576K
}
Event: 9.588 GC heap after
{Heap after GC invocations=26 (full 0):
 garbage-first heap   total 107520K, used 56348K [0x0000000080000000, 0x0000000100000000)
  region size 1024K, 4 young (4096K), 4 survivors (4096K)
 Metaspace       used 66882K, committed 67456K, reserved 1114112K
  class space    used 8841K, committed 9088K, reserved 1048576K
}
Event: 9.856 GC heap before
{Heap before GC invocations=26 (full 0):
 garbage-first heap   total 107520K, used 79900K [0x0000000080000000, 0x0000000100000000)
  region size 1024K, 28 young (28672K), 4 survivors (4096K)
 Metaspace       used 68745K, committed 69312K, reserved 1114112K
  class space    used 9097K, committed 9344K, reserved 1048576K
}
Event: 9.862 GC heap after
{Heap after GC invocations=27 (full 0):
 garbage-first heap   total 130048K, used 58817K [0x0000000080000000, 0x0000000100000000)
  region size 1024K, 3 young (3072K), 3 survivors (3072K)
 Metaspace       used 68745K, committed 69312K, reserved 1114112K
  class space    used 9097K, committed 9344K, reserved 1048576K
}
Event: 10.627 GC heap before
{Heap before GC invocations=27 (full 0):
 garbage-first heap   total 130048K, used 100801K [0x0000000080000000, 0x0000000100000000)
  region size 1024K, 43 young (44032K), 3 survivors (3072K)
 Metaspace       used 73474K, committed 74048K, reserved 1114112K
  class space    used 9934K, committed 10176K, reserved 1048576K
}
Event: 10.630 GC heap after
{Heap after GC invocations=28 (full 0):
 garbage-first heap   total 130048K, used 60538K [0x0000000080000000, 0x0000000100000000)
  region size 1024K, 5 young (5120K), 5 survivors (5120K)
 Metaspace       used 73474K, committed 74048K, reserved 1114112K
  class space    used 9934K, committed 10176K, reserved 1048576K
}
Event: 11.337 GC heap before
{Heap before GC invocations=28 (full 0):
 garbage-first heap   total 130048K, used 101498K [0x0000000080000000, 0x0000000100000000)
  region size 1024K, 45 young (46080K), 5 survivors (5120K)
 Metaspace       used 77851K, committed 78400K, reserved 1122304K
  class space    used 10617K, committed 10880K, reserved 1048576K
}
Event: 11.347 GC heap after
{Heap after GC invocations=29 (full 0):
 garbage-first heap   total 130048K, used 63413K [0x0000000080000000, 0x0000000100000000)
  region size 1024K, 6 young (6144K), 6 survivors (6144K)
 Metaspace       used 77851K, committed 78400K, reserved 1122304K
  class space    used 10617K, committed 10880K, reserved 1048576K
}
Event: 12.095 GC heap before
{Heap before GC invocations=29 (full 0):
 garbage-first heap   total 130048K, used 103349K [0x0000000080000000, 0x0000000100000000)
  region size 1024K, 45 young (46080K), 6 survivors (6144K)
 Metaspace       used 81693K, committed 82240K, reserved 1122304K
  class space    used 11124K, committed 11392K, reserved 1048576K
}
Event: 12.103 GC heap after
{Heap after GC invocations=30 (full 0):
 garbage-first heap   total 130048K, used 67097K [0x0000000080000000, 0x0000000100000000)
  region size 1024K, 6 young (6144K), 6 survivors (6144K)
 Metaspace       used 81693K, committed 82240K, reserved 1122304K
  class space    used 11124K, committed 11392K, reserved 1048576K
}
Event: 12.455 GC heap before
{Heap before GC invocations=31 (full 0):
 garbage-first heap   total 130048K, used 103961K [0x0000000080000000, 0x0000000100000000)
  region size 1024K, 42 young (43008K), 6 survivors (6144K)
 Metaspace       used 81852K, committed 82432K, reserved 1122304K
  class space    used 11140K, committed 11392K, reserved 1048576K
}
Event: 12.464 GC heap after
{Heap after GC invocations=32 (full 0):
 garbage-first heap   total 130048K, used 73302K [0x0000000080000000, 0x0000000100000000)
  region size 1024K, 6 young (6144K), 6 survivors (6144K)
 Metaspace       used 81852K, committed 82432K, reserved 1122304K
  class space    used 11140K, committed 11392K, reserved 1048576K
}
Event: 13.186 GC heap before
{Heap before GC invocations=32 (full 0):
 garbage-first heap   total 130048K, used 102998K [0x0000000080000000, 0x0000000100000000)
  region size 1024K, 36 young (36864K), 6 survivors (6144K)
 Metaspace       used 84357K, committed 84992K, reserved 1130496K
  class space    used 11653K, committed 11904K, reserved 1048576K
}
Event: 13.195 GC heap after
{Heap after GC invocations=33 (full 0):
 garbage-first heap   total 130048K, used 77435K [0x0000000080000000, 0x0000000100000000)
  region size 1024K, 4 young (4096K), 4 survivors (4096K)
 Metaspace       used 84357K, committed 84992K, reserved 1130496K
  class space    used 11653K, committed 11904K, reserved 1048576K
}
Event: 13.513 GC heap before
{Heap before GC invocations=34 (full 0):
 garbage-first heap   total 150528K, used 104059K [0x0000000080000000, 0x0000000100000000)
  region size 1024K, 31 young (31744K), 4 survivors (4096K)
 Metaspace       used 84524K, committed 85120K, reserved 1130496K
  class space    used 11653K, committed 11904K, reserved 1048576K
}
Event: 13.518 GC heap after
{Heap after GC invocations=35 (full 0):
 garbage-first heap   total 150528K, used 79119K [0x0000000080000000, 0x0000000100000000)
  region size 1024K, 2 young (2048K), 2 survivors (2048K)
 Metaspace       used 84524K, committed 85120K, reserved 1130496K
  class space    used 11653K, committed 11904K, reserved 1048576K
}
Event: 14.048 GC heap before
{Heap before GC invocations=35 (full 0):
 garbage-first heap   total 150528K, used 120079K [0x0000000080000000, 0x0000000100000000)
  region size 1024K, 43 young (44032K), 2 survivors (2048K)
 Metaspace       used 85200K, committed 85760K, reserved 1130496K
  class space    used 11710K, committed 11968K, reserved 1048576K
}
Event: 14.053 GC heap after
{Heap after GC invocations=36 (full 0):
 garbage-first heap   total 181248K, used 82161K [0x0000000080000000, 0x0000000100000000)
  region size 1024K, 5 young (5120K), 5 survivors (5120K)
 Metaspace       used 85200K, committed 85760K, reserved 1130496K
  class space    used 11710K, committed 11968K, reserved 1048576K
}

