# JRE version: OpenJDK Runtime Environment (17.0.6) (build 17.0.6+0-b2043.56-10027231)
# Java VM: OpenJDK 64-Bit Server VM (17.0.6+0-b2043.56-10027231, mixed mode, tiered, compressed oops, compressed class ptrs, g1 gc, windows-amd64)
GC Precious Log:
 CPUs: 8 total, 8 available
 Memory: 8084M
 Large Page Support: Disabled
 NUMA Support: Disabled
 Compressed Oops: Enabled (32-bit)
 Heap Region Size: 1M
 Heap Min Capacity: 8M
 Heap Initial Capacity: 128M
 Heap Max Capacity: 2G
 Pre-touch: Disabled
 Parallel Workers: 8
 Concurrent Workers: 2
 Concurrent Refinement Workers: 8
 Periodic GC: Disabled
Heap:
 garbage-first heap   total 177152K, used 113537K [0x0000000080000000, 0x0000000100000000)
  region size 1024K, 16 young (16384K), 4 survivors (4096K)
 Metaspace       used 96995K, committed 97664K, reserved 1138688K
  class space    used 13117K, committed 13440K, reserved 1048576K
GC Heap History (20 events):
Event: 12.361 GC heap before
{Heap before GC invocations=41 (full 0):
 garbage-first heap   total 128000K, used 101267K [0x0000000080000000, 0x0000000100000000)
  region size 1024K, 38 young (38912K), 6 survivors (6144K)
 Metaspace       used 83694K, committed 84352K, reserved 1122304K
  class space    used 11526K, committed 11840K, reserved 1048576K
}
Event: 12.369 GC heap after
{Heap after GC invocations=42 (full 0):
 garbage-first heap   total 128000K, used 74699K [0x0000000080000000, 0x0000000100000000)
  region size 1024K, 5 young (5120K), 5 survivors (5120K)
 Metaspace       used 83694K, committed 84352K, reserved 1122304K
  class space    used 11526K, committed 11840K, reserved 1048576K
}
Event: 12.730 GC heap before
{Heap before GC invocations=42 (full 0):
 garbage-first heap   total 128000K, used 101323K [0x0000000080000000, 0x0000000100000000)
  region size 1024K, 32 young (32768K), 5 survivors (5120K)
 Metaspace       used 84492K, committed 85056K, reserved 1122304K
  class space    used 11686K, committed 11968K, reserved 1048576K
}
Event: 12.735 GC heap after
{Heap after GC invocations=43 (full 0):
 garbage-first heap   total 128000K, used 77301K [0x0000000080000000, 0x0000000100000000)
  region size 1024K, 3 young (3072K), 3 survivors (3072K)
 Metaspace       used 84492K, committed 85056K, reserved 1122304K
  class space    used 11686K, committed 11968K, reserved 1048576K
}
Event: 13.036 GC heap before
{Heap before GC invocations=44 (full 0):
 garbage-first heap   total 147456K, used 102901K [0x0000000080000000, 0x0000000100000000)
  region size 1024K, 29 young (29696K), 3 survivors (3072K)
 Metaspace       used 84730K, committed 85376K, reserved 1122304K
  class space    used 11699K, committed 12032K, reserved 1048576K
}
Event: 13.042 GC heap after
{Heap after GC invocations=45 (full 0):
 garbage-first heap   total 147456K, used 79390K [0x0000000080000000, 0x0000000100000000)
  region size 1024K, 3 young (3072K), 3 survivors (3072K)
 Metaspace       used 84730K, committed 85376K, reserved 1122304K
  class space    used 11699K, committed 12032K, reserved 1048576K
}
Event: 13.575 GC heap before
{Heap before GC invocations=45 (full 0):
 garbage-first heap   total 147456K, used 117278K [0x0000000080000000, 0x0000000100000000)
  region size 1024K, 41 young (41984K), 3 survivors (3072K)
 Metaspace       used 85321K, committed 86016K, reserved 1130496K
  class space    used 11748K, committed 12096K, reserved 1048576K
}
Event: 13.580 GC heap after
{Heap after GC invocations=46 (full 0):
 garbage-first heap   total 177152K, used 82037K [0x0000000080000000, 0x0000000100000000)
  region size 1024K, 5 young (5120K), 5 survivors (5120K)
 Metaspace       used 85321K, committed 86016K, reserved 1130496K
  class space    used 11748K, committed 12096K, reserved 1048576K
}
Event: 14.851 GC heap before
{Heap before GC invocations=47 (full 0):
 garbage-first heap   total 177152K, used 141429K [0x0000000080000000, 0x0000000100000000)
  region size 1024K, 63 young (64512K), 5 survivors (5120K)
 Metaspace       used 91252K, committed 91904K, reserved 1130496K
  class space    used 12509K, committed 12800K, reserved 1048576K
}
Event: 14.860 GC heap after
{Heap after GC invocations=48 (full 0):
 garbage-first heap   total 177152K, used 87465K [0x0000000080000000, 0x0000000100000000)
  region size 1024K, 8 young (8192K), 8 survivors (8192K)
 Metaspace       used 91252K, committed 91904K, reserved 1130496K
  class space    used 12509K, committed 12800K, reserved 1048576K
}
Event: 14.868 GC heap before
{Heap before GC invocations=48 (full 0):
 garbage-first heap   total 177152K, used 88489K [0x0000000080000000, 0x0000000100000000)
  region size 1024K, 9 young (9216K), 8 survivors (8192K)
 Metaspace       used 91474K, committed 92096K, reserved 1130496K
  class space    used 12522K, committed 12800K, reserved 1048576K
}
Event: 14.875 GC heap after
{Heap after GC invocations=49 (full 0):
 garbage-first heap   total 177152K, used 87915K [0x0000000080000000, 0x0000000100000000)
  region size 1024K, 1 young (1024K), 1 survivors (1024K)
 Metaspace       used 91474K, committed 92096K, reserved 1130496K
  class space    used 12522K, committed 12800K, reserved 1048576K
}
Event: 15.094 GC heap before
{Heap before GC invocations=49 (full 0):
 garbage-first heap   total 177152K, used 99179K [0x0000000080000000, 0x0000000100000000)
  region size 1024K, 13 young (13312K), 1 survivors (1024K)
 Metaspace       used 94010K, committed 94656K, reserved 1138688K
  class space    used 12796K, committed 13120K, reserved 1048576K
}
Event: 15.097 GC heap after
{Heap after GC invocations=50 (full 0):
 garbage-first heap   total 177152K, used 88785K [0x0000000080000000, 0x0000000100000000)
  region size 1024K, 2 young (2048K), 2 survivors (2048K)
 Metaspace       used 94010K, committed 94656K, reserved 1138688K
  class space    used 12796K, committed 13120K, reserved 1048576K
}
Event: 16.275 GC heap before
{Heap before GC invocations=51 (full 0):
 garbage-first heap   total 177152K, used 146129K [0x0000000080000000, 0x0000000100000000)
  region size 1024K, 56 young (57344K), 2 survivors (2048K)
 Metaspace       used 96335K, committed 97024K, reserved 1138688K
  class space    used 13047K, committed 13376K, reserved 1048576K
}
Event: 16.283 GC heap after
{Heap after GC invocations=52 (full 0):
 garbage-first heap   total 177152K, used 100248K [0x0000000080000000, 0x0000000100000000)
  region size 1024K, 7 young (7168K), 7 survivors (7168K)
 Metaspace       used 96335K, committed 97024K, reserved 1138688K
  class space    used 13047K, committed 13376K, reserved 1048576K
}
Event: 16.290 GC heap before
{Heap before GC invocations=52 (full 0):
 garbage-first heap   total 177152K, used 101272K [0x0000000080000000, 0x0000000100000000)
  region size 1024K, 8 young (8192K), 7 survivors (7168K)
 Metaspace       used 96336K, committed 97024K, reserved 1138688K
  class space    used 13047K, committed 13376K, reserved 1048576K
}
Event: 16.296 GC heap after
{Heap after GC invocations=53 (full 0):
 garbage-first heap   total 177152K, used 100965K [0x0000000080000000, 0x0000000100000000)
  region size 1024K, 1 young (1024K), 1 survivors (1024K)
 Metaspace       used 96336K, committed 97024K, reserved 1138688K
  class space    used 13047K, committed 13376K, reserved 1048576K
}
Event: 17.001 GC heap before
{Heap before GC invocations=53 (full 0):
 garbage-first heap   total 177152K, used 142949K [0x0000000080000000, 0x0000000100000000)
  region size 1024K, 43 young (44032K), 1 survivors (1024K)
 Metaspace       used 96970K, committed 97600K, reserved 1138688K
  class space    used 13116K, committed 13440K, reserved 1048576K
}
Event: 17.006 GC heap after
{Heap after GC invocations=54 (full 0):
 garbage-first heap   total 177152K, used 103297K [0x0000000080000000, 0x0000000100000000)
  region size 1024K, 4 young (4096K), 4 survivors (4096K)
 Metaspace       used 96970K, committed 97600K, reserved 1138688K
  class space    used 13116K, committed 13440K, reserved 1048576K
}

