# JRE version: OpenJDK Runtime Environment (17.0.6) (build 17.0.6+0-b2043.56-10027231)
# Java VM: OpenJDK 64-Bit Server VM (17.0.6+0-b2043.56-10027231, mixed mode, tiered, compressed oops, compressed class ptrs, g1 gc, windows-amd64)
GC Precious Log:
 CPUs: 8 total, 8 available
 Memory: 8084M
 Large Page Support: Disabled
 NUMA Support: Disabled
 Compressed Oops: Enabled (32-bit)
 Heap Region Size: 1M
 Heap Min Capacity: 8M
 Heap Initial Capacity: 128M
 Heap Max Capacity: 2G
 Pre-touch: Disabled
 Parallel Workers: 8
 Concurrent Workers: 2
 Concurrent Refinement Workers: 8
 Periodic GC: Disabled
Heap:
 garbage-first heap   total 199680K, used 142331K [0x0000000080000000, 0x0000000100000000)
  region size 1024K, 4 young (4096K), 4 survivors (4096K)
 Metaspace       used 96090K, committed 96704K, reserved 1138688K
  class space    used 13154K, committed 13440K, reserved 1048576K
GC Heap History (20 events):
Event: 9.278 GC heap after
{Heap after GC invocations=26 (full 0):
 garbage-first heap   total 199680K, used 53943K [0x0000000080000000, 0x0000000100000000)
  region size 1024K, 2 young (2048K), 2 survivors (2048K)
 Metaspace       used 66723K, committed 67264K, reserved 1114112K
  class space    used 8835K, committed 9088K, reserved 1048576K
}
Event: 10.293 GC heap before
{Heap before GC invocations=27 (full 0):
 garbage-first heap   total 188416K, used 131767K [0x0000000080000000, 0x0000000100000000)
  region size 1024K, 78 young (79872K), 2 survivors (2048K)
 Metaspace       used 71948K, committed 72448K, reserved 1114112K
  class space    used 9746K, committed 9984K, reserved 1048576K
}
Event: 10.299 GC heap after
{Heap after GC invocations=28 (full 0):
 garbage-first heap   total 188416K, used 59588K [0x0000000080000000, 0x0000000100000000)
  region size 1024K, 8 young (8192K), 8 survivors (8192K)
 Metaspace       used 71948K, committed 72448K, reserved 1114112K
  class space    used 9746K, committed 9984K, reserved 1048576K
}
Event: 10.323 GC heap before
{Heap before GC invocations=28 (full 0):
 garbage-first heap   total 188416K, used 60612K [0x0000000080000000, 0x0000000100000000)
  region size 1024K, 9 young (9216K), 8 survivors (8192K)
 Metaspace       used 72103K, committed 72576K, reserved 1114112K
  class space    used 9772K, committed 9984K, reserved 1048576K
}
Event: 10.328 GC heap after
{Heap after GC invocations=29 (full 0):
 garbage-first heap   total 188416K, used 60255K [0x0000000080000000, 0x0000000100000000)
  region size 1024K, 2 young (2048K), 2 survivors (2048K)
 Metaspace       used 72103K, committed 72576K, reserved 1114112K
  class space    used 9772K, committed 9984K, reserved 1048576K
}
Event: 11.573 GC heap before
{Heap before GC invocations=29 (full 0):
 garbage-first heap   total 188416K, used 135007K [0x0000000080000000, 0x0000000100000000)
  region size 1024K, 75 young (76800K), 2 survivors (2048K)
 Metaspace       used 80614K, committed 81152K, reserved 1122304K
  class space    used 11005K, committed 11264K, reserved 1048576K
}
Event: 11.581 GC heap after
{Heap after GC invocations=30 (full 0):
 garbage-first heap   total 188416K, used 64721K [0x0000000080000000, 0x0000000100000000)
  region size 1024K, 6 young (6144K), 6 survivors (6144K)
 Metaspace       used 80614K, committed 81152K, reserved 1122304K
  class space    used 11005K, committed 11264K, reserved 1048576K
}
Event: 12.482 GC heap before
{Heap before GC invocations=30 (full 0):
 garbage-first heap   total 188416K, used 140497K [0x0000000080000000, 0x0000000100000000)
  region size 1024K, 80 young (81920K), 6 survivors (6144K)
 Metaspace       used 83805K, committed 84416K, reserved 1122304K
  class space    used 11530K, committed 11840K, reserved 1048576K
}
Event: 12.494 GC heap after
{Heap after GC invocations=31 (full 0):
 garbage-first heap   total 188416K, used 74955K [0x0000000080000000, 0x0000000100000000)
  region size 1024K, 10 young (10240K), 10 survivors (10240K)
 Metaspace       used 83805K, committed 84416K, reserved 1122304K
  class space    used 11530K, committed 11840K, reserved 1048576K
}
Event: 13.415 GC heap before
{Heap before GC invocations=31 (full 0):
 garbage-first heap   total 188416K, used 142538K [0x0000000080000000, 0x0000000100000000)
  region size 1024K, 77 young (78848K), 10 survivors (10240K)
 Metaspace       used 85110K, committed 85760K, reserved 1130496K
  class space    used 11735K, committed 12032K, reserved 1048576K
}
Event: 13.427 GC heap after
{Heap after GC invocations=32 (full 0):
 garbage-first heap   total 188416K, used 80994K [0x0000000080000000, 0x0000000100000000)
  region size 1024K, 6 young (6144K), 6 survivors (6144K)
 Metaspace       used 85110K, committed 85760K, reserved 1130496K
  class space    used 11735K, committed 12032K, reserved 1048576K
}
Event: 14.114 GC heap before
{Heap before GC invocations=32 (full 0):
 garbage-first heap   total 188416K, used 147554K [0x0000000080000000, 0x0000000100000000)
  region size 1024K, 71 young (72704K), 6 survivors (6144K)
 Metaspace       used 88292K, committed 88960K, reserved 1130496K
  class space    used 12091K, committed 12416K, reserved 1048576K
}
Event: 14.123 GC heap after
{Heap after GC invocations=33 (full 0):
 garbage-first heap   total 188416K, used 85382K [0x0000000080000000, 0x0000000100000000)
  region size 1024K, 5 young (5120K), 5 survivors (5120K)
 Metaspace       used 88292K, committed 88960K, reserved 1130496K
  class space    used 12091K, committed 12416K, reserved 1048576K
}
Event: 14.691 GC heap before
{Heap before GC invocations=33 (full 0):
 garbage-first heap   total 188416K, used 160134K [0x0000000080000000, 0x0000000100000000)
  region size 1024K, 68 young (69632K), 5 survivors (5120K)
 Metaspace       used 93139K, committed 93760K, reserved 1130496K
  class space    used 12744K, committed 13056K, reserved 1048576K
}
Event: 14.699 GC heap after
{Heap after GC invocations=34 (full 0):
 garbage-first heap   total 188416K, used 104053K [0x0000000080000000, 0x0000000100000000)
  region size 1024K, 9 young (9216K), 9 survivors (9216K)
 Metaspace       used 93139K, committed 93760K, reserved 1130496K
  class space    used 12744K, committed 13056K, reserved 1048576K
}
Event: 14.889 GC heap before
{Heap before GC invocations=34 (full 0):
 garbage-first heap   total 188416K, used 145013K [0x0000000080000000, 0x0000000100000000)
  region size 1024K, 29 young (29696K), 9 survivors (9216K)
 Metaspace       used 95196K, committed 95808K, reserved 1138688K
  class space    used 13028K, committed 13312K, reserved 1048576K
}
Event: 14.899 GC heap after
{Heap after GC invocations=35 (full 0):
 garbage-first heap   total 188416K, used 121228K [0x0000000080000000, 0x0000000100000000)
  region size 1024K, 6 young (6144K), 6 survivors (6144K)
 Metaspace       used 95196K, committed 95808K, reserved 1138688K
  class space    used 13028K, committed 13312K, reserved 1048576K
}
Event: 15.150 GC heap before
{Heap before GC invocations=35 (full 0):
 garbage-first heap   total 188416K, used 158092K [0x0000000080000000, 0x0000000100000000)
  region size 1024K, 37 young (37888K), 6 survivors (6144K)
 Metaspace       used 95668K, committed 96256K, reserved 1138688K
  class space    used 13091K, committed 13376K, reserved 1048576K
}
Event: 15.164 GC heap after
{Heap after GC invocations=36 (full 0):
 garbage-first heap   total 188416K, used 132634K [0x0000000080000000, 0x0000000100000000)
  region size 1024K, 5 young (5120K), 5 survivors (5120K)
 Metaspace       used 95668K, committed 96256K, reserved 1138688K
  class space    used 13091K, committed 13376K, reserved 1048576K
}
Event: 15.300 GC heap before
{Heap before GC invocations=36 (full 0):
 garbage-first heap   total 188416K, used 155162K [0x0000000080000000, 0x0000000100000000)
  region size 1024K, 26 young (26624K), 5 survivors (5120K)
 Metaspace       used 96090K, committed 96704K, reserved 1138688K
  class space    used 13154K, committed 13440K, reserved 1048576K
}

