# JRE version: OpenJDK Runtime Environment (17.0.6) (build 17.0.6+0-b2043.56-10027231)
# Java VM: OpenJDK 64-Bit Server VM (17.0.6+0-b2043.56-10027231, mixed mode, tiered, compressed oops, compressed class ptrs, g1 gc, windows-amd64)
GC Precious Log:
 CPUs: 8 total, 8 available
 Memory: 8084M
 Large Page Support: Disabled
 NUMA Support: Disabled
 Compressed Oops: Enabled (32-bit)
 Heap Region Size: 1M
 Heap Min Capacity: 8M
 Heap Initial Capacity: 128M
 Heap Max Capacity: 2G
 Pre-touch: Disabled
 Parallel Workers: 8
 Concurrent Workers: 2
 Concurrent Refinement Workers: 8
 Periodic GC: Disabled
Heap:
 garbage-first heap   total 131072K, used 61465K [0x0000000080000000, 0x0000000100000000)
  region size 1024K, 2 young (2048K), 2 survivors (2048K)
 Metaspace       used 73863K, committed 74368K, reserved 1114112K
  class space    used 10007K, committed 10240K, reserved 1048576K
GC Heap History (20 events):
Event: 8.245 GC heap after
{Heap after GC invocations=21 (full 0):
 garbage-first heap   total 86016K, used 48222K [0x0000000080000000, 0x0000000100000000)
  region size 1024K, 2 young (2048K), 2 survivors (2048K)
 Metaspace       used 60547K, committed 61056K, reserved 1105920K
  class space    used 8015K, committed 8192K, reserved 1048576K
}
Event: 8.460 GC heap before
{Heap before GC invocations=22 (full 0):
 garbage-first heap   total 87040K, used 67678K [0x0000000080000000, 0x0000000100000000)
  region size 1024K, 18 young (18432K), 2 survivors (2048K)
 Metaspace       used 62744K, committed 63296K, reserved 1105920K
  class space    used 8299K, committed 8576K, reserved 1048576K
}
Event: 8.464 GC heap after
{Heap after GC invocations=23 (full 0):
 garbage-first heap   total 87040K, used 54253K [0x0000000080000000, 0x0000000100000000)
  region size 1024K, 3 young (3072K), 3 survivors (3072K)
 Metaspace       used 62744K, committed 63296K, reserved 1105920K
  class space    used 8299K, committed 8576K, reserved 1048576K
}
Event: 8.467 GC heap before
{Heap before GC invocations=23 (full 0):
 garbage-first heap   total 87040K, used 55277K [0x0000000080000000, 0x0000000100000000)
  region size 1024K, 4 young (4096K), 3 survivors (3072K)
 Metaspace       used 62744K, committed 63296K, reserved 1105920K
  class space    used 8299K, committed 8576K, reserved 1048576K
}
Event: 8.471 GC heap after
{Heap after GC invocations=24 (full 0):
 garbage-first heap   total 104448K, used 54472K [0x0000000080000000, 0x0000000100000000)
  region size 1024K, 1 young (1024K), 1 survivors (1024K)
 Metaspace       used 62744K, committed 63296K, reserved 1105920K
  class space    used 8299K, committed 8576K, reserved 1048576K
}
Event: 8.498 GC heap before
{Heap before GC invocations=24 (full 0):
 garbage-first heap   total 104448K, used 57544K [0x0000000080000000, 0x0000000100000000)
  region size 1024K, 5 young (5120K), 1 survivors (1024K)
 Metaspace       used 62750K, committed 63296K, reserved 1105920K
  class space    used 8299K, committed 8576K, reserved 1048576K
}
Event: 8.500 GC heap after
{Heap after GC invocations=25 (full 0):
 garbage-first heap   total 104448K, used 55167K [0x0000000080000000, 0x0000000100000000)
  region size 1024K, 2 young (2048K), 2 survivors (2048K)
 Metaspace       used 62750K, committed 63296K, reserved 1105920K
  class space    used 8299K, committed 8576K, reserved 1048576K
}
Event: 8.854 GC heap before
{Heap before GC invocations=26 (full 0):
 garbage-first heap   total 104448K, used 79743K [0x0000000080000000, 0x0000000100000000)
  region size 1024K, 24 young (24576K), 2 survivors (2048K)
 Metaspace       used 64868K, committed 65408K, reserved 1114112K
  class space    used 8576K, committed 8832K, reserved 1048576K
}
Event: 8.857 GC heap after
{Heap after GC invocations=27 (full 0):
 garbage-first heap   total 104448K, used 57438K [0x0000000080000000, 0x0000000100000000)
  region size 1024K, 3 young (3072K), 3 survivors (3072K)
 Metaspace       used 64868K, committed 65408K, reserved 1114112K
  class space    used 8576K, committed 8832K, reserved 1048576K
}
Event: 9.143 GC heap before
{Heap before GC invocations=27 (full 0):
 garbage-first heap   total 104448K, used 79966K [0x0000000080000000, 0x0000000100000000)
  region size 1024K, 25 young (25600K), 3 survivors (3072K)
 Metaspace       used 66755K, committed 67264K, reserved 1114112K
  class space    used 8820K, committed 9088K, reserved 1048576K
}
Event: 9.146 GC heap after
{Heap after GC invocations=28 (full 0):
 garbage-first heap   total 104448K, used 59384K [0x0000000080000000, 0x0000000100000000)
  region size 1024K, 4 young (4096K), 4 survivors (4096K)
 Metaspace       used 66755K, committed 67264K, reserved 1114112K
  class space    used 8820K, committed 9088K, reserved 1048576K
}
Event: 9.308 GC heap before
{Heap before GC invocations=29 (full 0):
 garbage-first heap   total 104448K, used 78840K [0x0000000080000000, 0x0000000100000000)
  region size 1024K, 25 young (25600K), 4 survivors (4096K)
 Metaspace       used 66909K, committed 67456K, reserved 1114112K
  class space    used 8850K, committed 9088K, reserved 1048576K
}
Event: 9.312 GC heap after
{Heap after GC invocations=30 (full 0):
 garbage-first heap   total 104448K, used 58385K [0x0000000080000000, 0x0000000100000000)
  region size 1024K, 4 young (4096K), 4 survivors (4096K)
 Metaspace       used 66909K, committed 67456K, reserved 1114112K
  class space    used 8850K, committed 9088K, reserved 1048576K
}
Event: 9.551 GC heap before
{Heap before GC invocations=30 (full 0):
 garbage-first heap   total 104448K, used 81937K [0x0000000080000000, 0x0000000100000000)
  region size 1024K, 27 young (27648K), 4 survivors (4096K)
 Metaspace       used 68465K, committed 69056K, reserved 1114112K
  class space    used 9069K, committed 9344K, reserved 1048576K
}
Event: 9.556 GC heap after
{Heap after GC invocations=31 (full 0):
 garbage-first heap   total 104448K, used 60263K [0x0000000080000000, 0x0000000100000000)
  region size 1024K, 4 young (4096K), 4 survivors (4096K)
 Metaspace       used 68465K, committed 69056K, reserved 1114112K
  class space    used 9069K, committed 9344K, reserved 1048576K
}
Event: 9.950 GC heap before
{Heap before GC invocations=32 (full 0):
 garbage-first heap   total 104448K, used 82791K [0x0000000080000000, 0x0000000100000000)
  region size 1024K, 27 young (27648K), 4 survivors (4096K)
 Metaspace       used 71285K, committed 71808K, reserved 1114112K
  class space    used 9611K, committed 9856K, reserved 1048576K
}
Event: 9.954 GC heap after
{Heap after GC invocations=33 (full 0):
 garbage-first heap   total 104448K, used 60435K [0x0000000080000000, 0x0000000100000000)
  region size 1024K, 4 young (4096K), 4 survivors (4096K)
 Metaspace       used 71285K, committed 71808K, reserved 1114112K
  class space    used 9611K, committed 9856K, reserved 1048576K
}
Event: 9.980 GC heap before
{Heap before GC invocations=33 (full 0):
 garbage-first heap   total 104448K, used 61459K [0x0000000080000000, 0x0000000100000000)
  region size 1024K, 5 young (5120K), 4 survivors (4096K)
 Metaspace       used 71407K, committed 71936K, reserved 1114112K
  class space    used 9636K, committed 9920K, reserved 1048576K
}
Event: 9.983 GC heap after
{Heap after GC invocations=34 (full 0):
 garbage-first heap   total 104448K, used 60054K [0x0000000080000000, 0x0000000100000000)
  region size 1024K, 1 young (1024K), 1 survivors (1024K)
 Metaspace       used 71407K, committed 71936K, reserved 1114112K
  class space    used 9636K, committed 9920K, reserved 1048576K
}
Event: 10.348 GC heap before
{Heap before GC invocations=34 (full 0):
 garbage-first heap   total 104448K, used 83606K [0x0000000080000000, 0x0000000100000000)
  region size 1024K, 24 young (24576K), 1 survivors (1024K)
 Metaspace       used 73863K, committed 74368K, reserved 1114112K
  class space    used 10007K, committed 10240K, reserved 1048576K
}

