# JRE version: OpenJDK Runtime Environment (17.0.6) (build 17.0.6+0-b2043.56-10027231)
# Java VM: OpenJDK 64-Bit Server VM (17.0.6+0-b2043.56-10027231, mixed mode, tiered, compressed oops, compressed class ptrs, g1 gc, windows-amd64)
GC Precious Log:
 CPUs: 8 total, 8 available
 Memory: 8084M
 Large Page Support: Disabled
 NUMA Support: Disabled
 Compressed Oops: Enabled (32-bit)
 Heap Region Size: 1M
 Heap Min Capacity: 8M
 Heap Initial Capacity: 128M
 Heap Max Capacity: 2G
 Pre-touch: Disabled
 Parallel Workers: 8
 Concurrent Workers: 2
 Concurrent Refinement Workers: 8
 Periodic GC: Disabled
Heap:
 garbage-first heap   total 131072K, used 60121K [0x0000000080000000, 0x0000000100000000)
  region size 1024K, 1 young (1024K), 1 survivors (1024K)
 Metaspace       used 70362K, committed 70912K, reserved 1114112K
  class space    used 9399K, committed 9664K, reserved 1048576K
GC Heap History (20 events):
Event: 9.493 GC heap after
{Heap after GC invocations=21 (full 0):
 garbage-first heap   total 86016K, used 48542K [0x0000000080000000, 0x0000000100000000)
  region size 1024K, 2 young (2048K), 2 survivors (2048K)
 Metaspace       used 60867K, committed 61440K, reserved 1105920K
  class space    used 8083K, committed 8320K, reserved 1048576K
}
Event: 9.682 GC heap before
{Heap before GC invocations=22 (full 0):
 garbage-first heap   total 89088K, used 69022K [0x0000000080000000, 0x0000000100000000)
  region size 1024K, 18 young (18432K), 2 survivors (2048K)
 Metaspace       used 62845K, committed 63360K, reserved 1105920K
  class space    used 8330K, committed 8576K, reserved 1048576K
}
Event: 9.686 GC heap after
{Heap after GC invocations=23 (full 0):
 garbage-first heap   total 89088K, used 55727K [0x0000000080000000, 0x0000000100000000)
  region size 1024K, 3 young (3072K), 3 survivors (3072K)
 Metaspace       used 62845K, committed 63360K, reserved 1105920K
  class space    used 8330K, committed 8576K, reserved 1048576K
}
Event: 9.688 GC heap before
{Heap before GC invocations=23 (full 0):
 garbage-first heap   total 89088K, used 56751K [0x0000000080000000, 0x0000000100000000)
  region size 1024K, 4 young (4096K), 3 survivors (3072K)
 Metaspace       used 62845K, committed 63360K, reserved 1105920K
  class space    used 8330K, committed 8576K, reserved 1048576K
}
Event: 9.693 GC heap after
{Heap after GC invocations=24 (full 0):
 garbage-first heap   total 107520K, used 56548K [0x0000000080000000, 0x0000000100000000)
  region size 1024K, 1 young (1024K), 1 survivors (1024K)
 Metaspace       used 62845K, committed 63360K, reserved 1105920K
  class space    used 8330K, committed 8576K, reserved 1048576K
}
Event: 9.718 GC heap before
{Heap before GC invocations=24 (full 0):
 garbage-first heap   total 107520K, used 57572K [0x0000000080000000, 0x0000000100000000)
  region size 1024K, 3 young (3072K), 1 survivors (1024K)
 Metaspace       used 62858K, committed 63360K, reserved 1105920K
  class space    used 8330K, committed 8576K, reserved 1048576K
}
Event: 9.720 GC heap after
{Heap after GC invocations=25 (full 0):
 garbage-first heap   total 107520K, used 57536K [0x0000000080000000, 0x0000000100000000)
  region size 1024K, 2 young (2048K), 2 survivors (2048K)
 Metaspace       used 62858K, committed 63360K, reserved 1105920K
  class space    used 8330K, committed 8576K, reserved 1048576K
}
Event: 10.083 GC heap before
{Heap before GC invocations=26 (full 0):
 garbage-first heap   total 107520K, used 78016K [0x0000000080000000, 0x0000000100000000)
  region size 1024K, 20 young (20480K), 2 survivors (2048K)
 Metaspace       used 64617K, committed 65152K, reserved 1105920K
  class space    used 8559K, committed 8768K, reserved 1048576K
}
Event: 10.086 GC heap after
{Heap after GC invocations=27 (full 0):
 garbage-first heap   total 107520K, used 58673K [0x0000000080000000, 0x0000000100000000)
  region size 1024K, 2 young (2048K), 2 survivors (2048K)
 Metaspace       used 64617K, committed 65152K, reserved 1105920K
  class space    used 8559K, committed 8768K, reserved 1048576K
}
Event: 10.414 GC heap before
{Heap before GC invocations=27 (full 0):
 garbage-first heap   total 107520K, used 78129K [0x0000000080000000, 0x0000000100000000)
  region size 1024K, 21 young (21504K), 2 survivors (2048K)
 Metaspace       used 66424K, committed 66944K, reserved 1114112K
  class space    used 8778K, committed 9024K, reserved 1048576K
}
Event: 10.420 GC heap after
{Heap after GC invocations=28 (full 0):
 garbage-first heap   total 107520K, used 59714K [0x0000000080000000, 0x0000000100000000)
  region size 1024K, 2 young (2048K), 2 survivors (2048K)
 Metaspace       used 66424K, committed 66944K, reserved 1114112K
  class space    used 8778K, committed 9024K, reserved 1048576K
}
Event: 10.722 GC heap before
{Heap before GC invocations=29 (full 0):
 garbage-first heap   total 107520K, used 77122K [0x0000000080000000, 0x0000000100000000)
  region size 1024K, 22 young (22528K), 2 survivors (2048K)
 Metaspace       used 66967K, committed 67520K, reserved 1114112K
  class space    used 8875K, committed 9088K, reserved 1048576K
}
Event: 10.726 GC heap after
{Heap after GC invocations=30 (full 0):
 garbage-first heap   total 107520K, used 58661K [0x0000000080000000, 0x0000000100000000)
  region size 1024K, 3 young (3072K), 3 survivors (3072K)
 Metaspace       used 66967K, committed 67520K, reserved 1114112K
  class space    used 8875K, committed 9088K, reserved 1048576K
}
Event: 10.738 GC heap before
{Heap before GC invocations=30 (full 0):
 garbage-first heap   total 107520K, used 60709K [0x0000000080000000, 0x0000000100000000)
  region size 1024K, 5 young (5120K), 3 survivors (3072K)
 Metaspace       used 66969K, committed 67520K, reserved 1114112K
  class space    used 8875K, committed 9088K, reserved 1048576K
}
Event: 10.741 GC heap after
{Heap after GC invocations=31 (full 0):
 garbage-first heap   total 107520K, used 58258K [0x0000000080000000, 0x0000000100000000)
  region size 1024K, 1 young (1024K), 1 survivors (1024K)
 Metaspace       used 66969K, committed 67520K, reserved 1114112K
  class space    used 8875K, committed 9088K, reserved 1048576K
}
Event: 10.960 GC heap before
{Heap before GC invocations=31 (full 0):
 garbage-first heap   total 107520K, used 80786K [0x0000000080000000, 0x0000000100000000)
  region size 1024K, 23 young (23552K), 1 survivors (1024K)
 Metaspace       used 67794K, committed 68352K, reserved 1114112K
  class space    used 8974K, committed 9216K, reserved 1048576K
}
Event: 10.963 GC heap after
{Heap after GC invocations=32 (full 0):
 garbage-first heap   total 107520K, used 60071K [0x0000000080000000, 0x0000000100000000)
  region size 1024K, 3 young (3072K), 3 survivors (3072K)
 Metaspace       used 67794K, committed 68352K, reserved 1114112K
  class space    used 8974K, committed 9216K, reserved 1048576K
}
Event: 11.350 GC heap before
{Heap before GC invocations=33 (full 0):
 garbage-first heap   total 107520K, used 81575K [0x0000000080000000, 0x0000000100000000)
  region size 1024K, 25 young (25600K), 3 survivors (3072K)
 Metaspace       used 70211K, committed 70720K, reserved 1114112K
  class space    used 9368K, committed 9600K, reserved 1048576K
}
Event: 11.354 GC heap after
{Heap after GC invocations=34 (full 0):
 garbage-first heap   total 107520K, used 60098K [0x0000000080000000, 0x0000000100000000)
  region size 1024K, 4 young (4096K), 4 survivors (4096K)
 Metaspace       used 70211K, committed 70720K, reserved 1114112K
  class space    used 9368K, committed 9600K, reserved 1048576K
}
Event: 11.379 GC heap before
{Heap before GC invocations=34 (full 0):
 garbage-first heap   total 107520K, used 61122K [0x0000000080000000, 0x0000000100000000)
  region size 1024K, 5 young (5120K), 4 survivors (4096K)
 Metaspace       used 70362K, committed 70912K, reserved 1114112K
  class space    used 9399K, committed 9664K, reserved 1048576K
}

